<?xml version="1.0" encoding="UTF-8"?>
<testsuite xmlns:xsi="http://www.w3.org/2001/XMLSchema-instance" xsi:noNamespaceSchemaLocation="https://maven.apache.org/surefire/maven-surefire-plugin/xsd/surefire-test-report.xsd" version="3.0.2" name="com.localtechsupport.repository.TicketHistoryRepositoryTest$CombinedFilteringTests" time="10.984" tests="2" errors="0" skipped="0" failures="0">
  <properties>
[...]
</properties>
  <testcase name="shouldFindHistoryByTicketAndCreatedBy" classname="com.localtechsupport.repository.TicketHistoryRepositoryTest$CombinedFilteringTests" time="0.647">
    <system-out><![CDATA[12:12:28.313 [main] INFO org.springframework.test.context.support.AnnotationConfigContextLoaderUtils -- Could not detect default configuration classes for test class [com.localtechsupport.repository.TicketHistoryRepositoryTest]: TicketHistoryRepositoryTest does not declare any static, non-private, non-final, nested classes annotated with @Configuration.
12:12:28.615 [main] INFO org.springframework.boot.test.context.SpringBootTestContextBootstrapper -- Found @SpringBootConfiguration com.localtechsupport.TechSupportServerApplication for test class com.localtechsupport.repository.TicketHistoryRepositoryTest
12:12:28.653 [main] INFO org.springframework.test.context.support.AnnotationConfigContextLoaderUtils -- Could not detect default configuration classes for test class [com.localtechsupport.repository.TicketHistoryRepositoryTest$CombinedFilteringTests]: CombinedFilteringTests does not declare any static, non-private, non-final, nested classes annotated with @Configuration.
12:12:28.663 [main] INFO org.springframework.boot.test.context.SpringBootTestContextBootstrapper -- Found @SpringBootConfiguration com.localtechsupport.TechSupportServerApplication for test class com.localtechsupport.repository.TicketHistoryRepositoryTest$CombinedFilteringTests
12:12:28.737 [main] INFO org.springframework.boot.devtools.restart.RestartApplicationListener -- Restart disabled due to context in which it is running

  .   ____          _            __ _ _
 /\\ / ___'_ __ _ _(_)_ __  __ _ \ \ \ \
( ( )\___ | '_ | '_| | '_ \/ _` | \ \ \ \
 \\/  ___)| |_)| | | | | || (_| |  ) ) ) )
  '  |____| .__|_| |_|_| |_\__, | / / / /
 =========|_|==============|___/=/_/_/_/

 :: Spring Boot ::                (v3.5.0)

2025-06-23T12:12:29.291-02:30  INFO 64796 --- [tech-support-server] [           main] c.l.r.TicketHistoryRepositoryTest        : Starting TicketHistoryRepositoryTest using Java 23.0.2 with PID 64796 (started by danielefford in /Users/danielefford/Documents/SD12/04-DevOps/local-tech-support-server)
2025-06-23T12:12:29.327-02:30 DEBUG 64796 --- [tech-support-server] [           main] c.l.r.TicketHistoryRepositoryTest        : Running with Spring Boot v3.5.0, Spring v6.2.7
2025-06-23T12:12:29.344-02:30  INFO 64796 --- [tech-support-server] [           main] c.l.r.TicketHistoryRepositoryTest        : No active profile set, falling back to 1 default profile: "default"
2025-06-23T12:12:30.195-02:30  INFO 64796 --- [tech-support-server] [           main] .s.d.r.c.RepositoryConfigurationDelegate : Bootstrapping Spring Data JPA repositories in DEFAULT mode.
2025-06-23T12:12:30.848-02:30  INFO 64796 --- [tech-support-server] [           main] .s.d.r.c.RepositoryConfigurationDelegate : Finished Spring Data repository scanning in 598 ms. Found 7 JPA repository interfaces.
2025-06-23T12:12:31.343-02:30  INFO 64796 --- [tech-support-server] [           main] beddedDataSourceBeanFactoryPostProcessor : Replacing 'dataSource' DataSource bean with embedded version
2025-06-23T12:12:31.840-02:30  INFO 64796 --- [tech-support-server] [           main] o.s.j.d.e.EmbeddedDatabaseFactory        : Starting embedded database: url='jdbc:h2:mem:4232812e-507b-48b1-af76-cce4cd51ff3e;DB_CLOSE_DELAY=-1;DB_CLOSE_ON_EXIT=false', username='sa'
2025-06-23T12:12:33.591-02:30  INFO 64796 --- [tech-support-server] [           main] o.hibernate.jpa.internal.util.LogHelper  : HHH000204: Processing PersistenceUnitInfo [name: default]
2025-06-23T12:12:33.917-02:30  INFO 64796 --- [tech-support-server] [           main] org.hibernate.Version                    : HHH000412: Hibernate ORM core version 6.6.15.Final
2025-06-23T12:12:34.050-02:30  INFO 64796 --- [tech-support-server] [           main] o.h.c.internal.RegionFactoryInitiator    : HHH000026: Second-level cache disabled
2025-06-23T12:12:35.342-02:30  INFO 64796 --- [tech-support-server] [           main] o.s.o.j.p.SpringPersistenceUnitInfo      : No LoadTimeWeaver setup: ignoring JPA class transformer
2025-06-23T12:12:35.427-02:30  WARN 64796 --- [tech-support-server] [           main] org.hibernate.orm.deprecation            : HHH90000025: H2Dialect does not need to be specified explicitly using 'hibernate.dialect' (remove the property setting and it will be selected by default)
2025-06-23T12:12:35.457-02:30  INFO 64796 --- [tech-support-server] [           main] org.hibernate.orm.connections.pooling    : HHH10001005: Database info:
	Database JDBC URL [Connecting through datasource 'org.springframework.jdbc.datasource.embedded.EmbeddedDatabaseFactory$EmbeddedDataSourceProxy@6b2ef50e']
	Database driver: undefined/unknown
	Database version: 2.3.232
	Autocommit mode: undefined/unknown
	Isolation level: undefined/unknown
	Minimum pool size: undefined/unknown
	Maximum pool size: undefined/unknown
2025-06-23T12:12:36.533-02:30  INFO 64796 --- [tech-support-server] [           main] o.h.e.t.j.p.i.JtaPlatformInitiator       : HHH000489: No JTA platform available (set 'hibernate.transaction.jta.platform' to enable JTA platform integration)
2025-06-23T12:12:36.550-02:30 DEBUG 64796 --- [tech-support-server] [           main] org.hibernate.SQL                        : 
    drop table if exists appointments cascade 
Hibernate: 
    drop table if exists appointments cascade 
2025-06-23T12:12:36.553-02:30 DEBUG 64796 --- [tech-support-server] [           main] org.hibernate.SQL                        : 
    drop table if exists clients cascade 
Hibernate: 
    drop table if exists clients cascade 
2025-06-23T12:12:36.553-02:30 DEBUG 64796 --- [tech-support-server] [           main] org.hibernate.SQL                        : 
    drop table if exists feedback_entries cascade 
Hibernate: 
    drop table if exists feedback_entries cascade 
2025-06-23T12:12:36.553-02:30 DEBUG 64796 --- [tech-support-server] [           main] org.hibernate.SQL                        : 
    drop table if exists technician_skills cascade 
Hibernate: 
    drop table if exists technician_skills cascade 
2025-06-23T12:12:36.554-02:30 DEBUG 64796 --- [tech-support-server] [           main] org.hibernate.SQL                        : 
    drop table if exists technicians cascade 
Hibernate: 
    drop table if exists technicians cascade 
2025-06-23T12:12:36.554-02:30 DEBUG 64796 --- [tech-support-server] [           main] org.hibernate.SQL                        : 
    drop table if exists ticket_history cascade 
Hibernate: 
    drop table if exists ticket_history cascade 
2025-06-23T12:12:36.554-02:30 DEBUG 64796 --- [tech-support-server] [           main] org.hibernate.SQL                        : 
    drop table if exists tickets cascade 
Hibernate: 
    drop table if exists tickets cascade 
2025-06-23T12:12:36.557-02:30 DEBUG 64796 --- [tech-support-server] [           main] org.hibernate.SQL                        : 
    create table appointments (
        status tinyint not null check (status between 0 and 5),
        created_at timestamp(6) with time zone not null,
        end_time timestamp(6) with time zone not null,
        id bigint generated by default as identity,
        start_time timestamp(6) with time zone not null,
        technician_id bigint not null,
        ticket_id bigint not null,
        updated_at timestamp(6) with time zone not null,
        primary key (id)
    )
Hibernate: 
    create table appointments (
        status tinyint not null check (status between 0 and 5),
        created_at timestamp(6) with time zone not null,
        end_time timestamp(6) with time zone not null,
        id bigint generated by default as identity,
        start_time timestamp(6) with time zone not null,
        technician_id bigint not null,
        ticket_id bigint not null,
        updated_at timestamp(6) with time zone not null,
        primary key (id)
    )
2025-06-23T12:12:36.569-02:30 DEBUG 64796 --- [tech-support-server] [           main] org.hibernate.SQL                        : 
    create table clients (
        created_at timestamp(6) not null,
        id bigint generated by default as identity,
        updated_at timestamp(6) not null,
        phone varchar(20),
        first_name varchar(50) not null,
        last_name varchar(50) not null,
        email varchar(100) not null unique,
        notes varchar(500),
        address varchar(255),
        status enum ('ACTIVE','INACTIVE','SUSPENDED') not null,
        primary key (id)
    )
Hibernate: 
    create table clients (
        created_at timestamp(6) not null,
        id bigint generated by default as identity,
        updated_at timestamp(6) not null,
        phone varchar(20),
        first_name varchar(50) not null,
        last_name varchar(50) not null,
        email varchar(100) not null unique,
        notes varchar(500),
        address varchar(255),
        status enum ('ACTIVE','INACTIVE','SUSPENDED') not null,
        primary key (id)
    )
2025-06-23T12:12:36.571-02:30 DEBUG 64796 --- [tech-support-server] [           main] org.hibernate.SQL                        : 
    create table feedback_entries (
        rating integer not null,
        id bigint generated by default as identity,
        submitted_at timestamp(6) with time zone not null,
        ticket_id bigint not null,
        comment varchar(255) not null,
        created_by varchar(255) not null,
        primary key (id)
    )
Hibernate: 
    create table feedback_entries (
        rating integer not null,
        id bigint generated by default as identity,
        submitted_at timestamp(6) with time zone not null,
        ticket_id bigint not null,
        comment varchar(255) not null,
        created_by varchar(255) not null,
        primary key (id)
    )
2025-06-23T12:12:36.572-02:30 DEBUG 64796 --- [tech-support-server] [           main] org.hibernate.SQL                        : 
    create table technician_skills (
        id bigint generated by default as identity,
        technician_id bigint not null,
        service_type enum ('HARDWARE','SOFTWARE') not null,
        primary key (id)
    )
Hibernate: 
    create table technician_skills (
        id bigint generated by default as identity,
        technician_id bigint not null,
        service_type enum ('HARDWARE','SOFTWARE') not null,
        primary key (id)
    )
2025-06-23T12:12:36.573-02:30 DEBUG 64796 --- [tech-support-server] [           main] org.hibernate.SQL                        : 
    create table technicians (
        id bigint generated by default as identity,
        email varchar(255) not null unique,
        full_name varchar(255) not null,
        status enum ('ACTIVE','INACTIVE','IN_TRAINING','ON_VACATION','TERMINATED'),
        primary key (id)
    )
Hibernate: 
    create table technicians (
        id bigint generated by default as identity,
        email varchar(255) not null unique,
        full_name varchar(255) not null,
        status enum ('ACTIVE','INACTIVE','IN_TRAINING','ON_VACATION','TERMINATED'),
        primary key (id)
    )
2025-06-23T12:12:36.575-02:30 DEBUG 64796 --- [tech-support-server] [           main] org.hibernate.SQL                        : 
    create table ticket_history (
        status tinyint not null check (status between 0 and 1),
        created_at timestamp(6) with time zone not null,
        id bigint generated by default as identity,
        ticket_id bigint not null,
        updated_at timestamp(6) with time zone not null,
        created_by varchar(255) not null,
        description varchar(255) not null,
        primary key (id)
    )
Hibernate: 
    create table ticket_history (
        status tinyint not null check (status between 0 and 1),
        created_at timestamp(6) with time zone not null,
        id bigint generated by default as identity,
        ticket_id bigint not null,
        updated_at timestamp(6) with time zone not null,
        created_by varchar(255) not null,
        description varchar(255) not null,
        primary key (id)
    )
2025-06-23T12:12:36.576-02:30 DEBUG 64796 --- [tech-support-server] [           main] org.hibernate.SQL                        : 
    create table tickets (
        client_id bigint not null,
        created_at timestamp(6) with time zone not null,
        due_at timestamp(6) with time zone not null,
        id bigint generated by default as identity,
        technician_id bigint,
        description varchar(1000) not null,
        service_type enum ('HARDWARE','SOFTWARE') not null,
        status enum ('CLOSED','OPEN') not null,
        primary key (id)
    )
Hibernate: 
    create table tickets (
        client_id bigint not null,
        created_at timestamp(6) with time zone not null,
        due_at timestamp(6) with time zone not null,
        id bigint generated by default as identity,
        technician_id bigint,
        description varchar(1000) not null,
        service_type enum ('HARDWARE','SOFTWARE') not null,
        status enum ('CLOSED','OPEN') not null,
        primary key (id)
    )
2025-06-23T12:12:36.577-02:30 DEBUG 64796 --- [tech-support-server] [           main] org.hibernate.SQL                        : 
    alter table if exists appointments 
       add constraint FK4wof45dihv1xh501qj9ahrrlh 
       foreign key (technician_id) 
       references technicians
Hibernate: 
    alter table if exists appointments 
       add constraint FK4wof45dihv1xh501qj9ahrrlh 
       foreign key (technician_id) 
       references technicians
2025-06-23T12:12:36.585-02:30 DEBUG 64796 --- [tech-support-server] [           main] org.hibernate.SQL                        : 
    alter table if exists appointments 
       add constraint FKqytkgawwncn3y28njc50ofwk3 
       foreign key (ticket_id) 
       references tickets
Hibernate: 
    alter table if exists appointments 
       add constraint FKqytkgawwncn3y28njc50ofwk3 
       foreign key (ticket_id) 
       references tickets
2025-06-23T12:12:36.586-02:30 DEBUG 64796 --- [tech-support-server] [           main] org.hibernate.SQL                        : 
    alter table if exists feedback_entries 
       add constraint FK6c7lxa1vnyye0rcxte7oom3oq 
       foreign key (ticket_id) 
       references tickets
Hibernate: 
    alter table if exists feedback_entries 
       add constraint FK6c7lxa1vnyye0rcxte7oom3oq 
       foreign key (ticket_id) 
       references tickets
2025-06-23T12:12:36.587-02:30 DEBUG 64796 --- [tech-support-server] [           main] org.hibernate.SQL                        : 
    alter table if exists technician_skills 
       add constraint FKrs9apsy55oobamg2fxof35o2t 
       foreign key (technician_id) 
       references technicians
Hibernate: 
    alter table if exists technician_skills 
       add constraint FKrs9apsy55oobamg2fxof35o2t 
       foreign key (technician_id) 
       references technicians
2025-06-23T12:12:36.588-02:30 DEBUG 64796 --- [tech-support-server] [           main] org.hibernate.SQL                        : 
    alter table if exists ticket_history 
       add constraint FKkkhg6aquudxfcbofalx8rtc6v 
       foreign key (ticket_id) 
       references tickets
Hibernate: 
    alter table if exists ticket_history 
       add constraint FKkkhg6aquudxfcbofalx8rtc6v 
       foreign key (ticket_id) 
       references tickets
2025-06-23T12:12:36.589-02:30 DEBUG 64796 --- [tech-support-server] [           main] org.hibernate.SQL                        : 
    alter table if exists tickets 
       add constraint FK1joe31w99hq84nhwci5lool5u 
       foreign key (technician_id) 
       references technicians
Hibernate: 
    alter table if exists tickets 
       add constraint FK1joe31w99hq84nhwci5lool5u 
       foreign key (technician_id) 
       references technicians
2025-06-23T12:12:36.592-02:30 DEBUG 64796 --- [tech-support-server] [           main] org.hibernate.SQL                        : 
    alter table if exists tickets 
       add constraint FKlupqyilgsx29jeu9ad1ib5y85 
       foreign key (client_id) 
       references clients
Hibernate: 
    alter table if exists tickets 
       add constraint FKlupqyilgsx29jeu9ad1ib5y85 
       foreign key (client_id) 
       references clients
2025-06-23T12:12:36.596-02:30  INFO 64796 --- [tech-support-server] [           main] j.LocalContainerEntityManagerFactoryBean : Initialized JPA EntityManagerFactory for persistence unit 'default'
2025-06-23T12:12:36.900-02:30  INFO 64796 --- [tech-support-server] [           main] o.s.d.j.r.query.QueryEnhancerFactory     : Hibernate is in classpath; If applicable, HQL parser will be used.
2025-06-23T12:12:38.948-02:30  INFO 64796 --- [tech-support-server] [           main] c.l.r.TicketHistoryRepositoryTest        : Started TicketHistoryRepositoryTest in 10.223 seconds (process running for 11.651)
2025-06-23T12:12:39.430-02:30 DEBUG 64796 --- [tech-support-server] [           main] org.hibernate.SQL                        : 
    select
        th1_0.id,
        th1_0.created_at,
        th1_0.created_by,
        th1_0.description,
        th1_0.status,
        th1_0.ticket_id,
        th1_0.updated_at 
    from
        ticket_history th1_0
Hibernate: 
    select
        th1_0.id,
        th1_0.created_at,
        th1_0.created_by,
        th1_0.description,
        th1_0.status,
        th1_0.ticket_id,
        th1_0.updated_at 
    from
        ticket_history th1_0
2025-06-23T12:12:39.489-02:30 DEBUG 64796 --- [tech-support-server] [           main] org.hibernate.SQL                        : 
    insert 
    into
        clients
        (address, created_at, email, first_name, last_name, notes, phone, status, updated_at, id) 
    values
        (?, ?, ?, ?, ?, ?, ?, ?, ?, default)
Hibernate: 
    insert 
    into
        clients
        (address, created_at, email, first_name, last_name, notes, phone, status, updated_at, id) 
    values
        (?, ?, ?, ?, ?, ?, ?, ?, ?, default)
2025-06-23T12:12:39.509-02:30 DEBUG 64796 --- [tech-support-server] [           main] org.hibernate.SQL                        : 
    insert 
    into
        technicians
        (email, full_name, status, id) 
    values
        (?, ?, ?, default)
Hibernate: 
    insert 
    into
        technicians
        (email, full_name, status, id) 
    values
        (?, ?, ?, default)
2025-06-23T12:12:39.516-02:30 DEBUG 64796 --- [tech-support-server] [           main] org.hibernate.SQL                        : 
    insert 
    into
        tickets
        (technician_id, client_id, created_at, description, due_at, service_type, status, id) 
    values
        (?, ?, ?, ?, ?, ?, ?, default)
Hibernate: 
    insert 
    into
        tickets
        (technician_id, client_id, created_at, description, due_at, service_type, status, id) 
    values
        (?, ?, ?, ?, ?, ?, ?, default)
2025-06-23T12:12:39.522-02:30 DEBUG 64796 --- [tech-support-server] [           main] org.hibernate.SQL                        : 
    insert 
    into
        tickets
        (technician_id, client_id, created_at, description, due_at, service_type, status, id) 
    values
        (?, ?, ?, ?, ?, ?, ?, default)
Hibernate: 
    insert 
    into
        tickets
        (technician_id, client_id, created_at, description, due_at, service_type, status, id) 
    values
        (?, ?, ?, ?, ?, ?, ?, default)
2025-06-23T12:12:39.524-02:30 DEBUG 64796 --- [tech-support-server] [           main] org.hibernate.SQL                        : 
    insert 
    into
        ticket_history
        (created_at, created_by, description, status, ticket_id, updated_at, id) 
    values
        (?, ?, ?, ?, ?, ?, default)
Hibernate: 
    insert 
    into
        ticket_history
        (created_at, created_by, description, status, ticket_id, updated_at, id) 
    values
        (?, ?, ?, ?, ?, ?, default)
2025-06-23T12:12:39.526-02:30 DEBUG 64796 --- [tech-support-server] [           main] org.hibernate.SQL                        : 
    insert 
    into
        ticket_history
        (created_at, created_by, description, status, ticket_id, updated_at, id) 
    values
        (?, ?, ?, ?, ?, ?, default)
Hibernate: 
    insert 
    into
        ticket_history
        (created_at, created_by, description, status, ticket_id, updated_at, id) 
    values
        (?, ?, ?, ?, ?, ?, default)
2025-06-23T12:12:39.527-02:30 DEBUG 64796 --- [tech-support-server] [           main] org.hibernate.SQL                        : 
    insert 
    into
        ticket_history
        (created_at, created_by, description, status, ticket_id, updated_at, id) 
    values
        (?, ?, ?, ?, ?, ?, default)
Hibernate: 
    insert 
    into
        ticket_history
        (created_at, created_by, description, status, ticket_id, updated_at, id) 
    values
        (?, ?, ?, ?, ?, ?, default)
2025-06-23T12:12:39.541-02:30 DEBUG 64796 --- [tech-support-server] [           main] org.hibernate.SQL                        : 
    select
        th1_0.id,
        th1_0.created_at,
        th1_0.created_by,
        th1_0.description,
        th1_0.status,
        th1_0.ticket_id,
        th1_0.updated_at 
    from
        ticket_history th1_0 
    where
        th1_0.ticket_id=? 
        and th1_0.created_by=? 
    fetch
        first ? rows only
Hibernate: 
    select
        th1_0.id,
        th1_0.created_at,
        th1_0.created_by,
        th1_0.description,
        th1_0.status,
        th1_0.ticket_id,
        th1_0.updated_at 
    from
        ticket_history th1_0 
    where
        th1_0.ticket_id=? 
        and th1_0.created_by=? 
    fetch
        first ? rows only
2025-06-23T12:12:39.545-02:30 DEBUG 64796 --- [tech-support-server] [           main] org.hibernate.SQL                        : 
    select
        t1_0.id,
        at1_0.id,
        at1_0.email,
        at1_0.full_name,
        at1_0.status,
        t1_0.client_id,
        c1_0.id,
        c1_0.address,
        c1_0.created_at,
        c1_0.email,
        c1_0.first_name,
        c1_0.last_name,
        c1_0.notes,
        c1_0.phone,
        c1_0.status,
        c1_0.updated_at,
        t1_0.created_at,
        t1_0.description,
        t1_0.due_at,
        t1_0.service_type,
        t1_0.status 
    from
        tickets t1_0 
    left join
        technicians at1_0 
            on at1_0.id=t1_0.technician_id 
    join
        clients c1_0 
            on c1_0.id=t1_0.client_id 
    where
        t1_0.id=?
Hibernate: 
    select
        t1_0.id,
        at1_0.id,
        at1_0.email,
        at1_0.full_name,
        at1_0.status,
        t1_0.client_id,
        c1_0.id,
        c1_0.address,
        c1_0.created_at,
        c1_0.email,
        c1_0.first_name,
        c1_0.last_name,
        c1_0.notes,
        c1_0.phone,
        c1_0.status,
        c1_0.updated_at,
        t1_0.created_at,
        t1_0.description,
        t1_0.due_at,
        t1_0.service_type,
        t1_0.status 
    from
        tickets t1_0 
    left join
        technicians at1_0 
            on at1_0.id=t1_0.technician_id 
    join
        clients c1_0 
            on c1_0.id=t1_0.client_id 
    where
        t1_0.id=?
]]></system-out>
    <system-err><![CDATA[Mockito is currently self-attaching to enable the inline-mock-maker. This will no longer work in future releases of the JDK. Please add Mockito as an agent to your build as described in Mockito's documentation: https://javadoc.io/doc/org.mockito/mockito-core/latest/org.mockito/org/mockito/Mockito.html#0.3
WARNING: A Java agent has been loaded dynamically (/Users/danielefford/.m2/repository/net/bytebuddy/byte-buddy-agent/1.17.5/byte-buddy-agent-1.17.5.jar)
WARNING: If a serviceability tool is in use, please run with -XX:+EnableDynamicAgentLoading to hide this warning
WARNING: If a serviceability tool is not in use, please run with -Djdk.instrument.traceUsage for more information
WARNING: Dynamic loading of agents will be disallowed by default in a future release
]]></system-err>
  </testcase>
  <testcase name="shouldCountHistoryByTicketAndStatus" classname="com.localtechsupport.repository.TicketHistoryRepositoryTest$CombinedFilteringTests" time="0.024">
    <system-out><![CDATA[2025-06-23T12:12:39.610-02:30 DEBUG 64796 --- [tech-support-server] [           main] org.hibernate.SQL                        : 
    select
        th1_0.id,
        th1_0.created_at,
        th1_0.created_by,
        th1_0.description,
        th1_0.status,
        th1_0.ticket_id,
        th1_0.updated_at 
    from
        ticket_history th1_0
Hibernate: 
    select
        th1_0.id,
        th1_0.created_at,
        th1_0.created_by,
        th1_0.description,
        th1_0.status,
        th1_0.ticket_id,
        th1_0.updated_at 
    from
        ticket_history th1_0
2025-06-23T12:12:39.612-02:30 DEBUG 64796 --- [tech-support-server] [           main] org.hibernate.SQL                        : 
    insert 
    into
        clients
        (address, created_at, email, first_name, last_name, notes, phone, status, updated_at, id) 
    values
        (?, ?, ?, ?, ?, ?, ?, ?, ?, default)
Hibernate: 
    insert 
    into
        clients
        (address, created_at, email, first_name, last_name, notes, phone, status, updated_at, id) 
    values
        (?, ?, ?, ?, ?, ?, ?, ?, ?, default)
2025-06-23T12:12:39.613-02:30 DEBUG 64796 --- [tech-support-server] [           main] org.hibernate.SQL                        : 
    insert 
    into
        technicians
        (email, full_name, status, id) 
    values
        (?, ?, ?, default)
Hibernate: 
    insert 
    into
        technicians
        (email, full_name, status, id) 
    values
        (?, ?, ?, default)
2025-06-23T12:12:39.615-02:30 DEBUG 64796 --- [tech-support-server] [           main] org.hibernate.SQL                        : 
    insert 
    into
        tickets
        (technician_id, client_id, created_at, description, due_at, service_type, status, id) 
    values
        (?, ?, ?, ?, ?, ?, ?, default)
Hibernate: 
    insert 
    into
        tickets
        (technician_id, client_id, created_at, description, due_at, service_type, status, id) 
    values
        (?, ?, ?, ?, ?, ?, ?, default)
2025-06-23T12:12:39.616-02:30 DEBUG 64796 --- [tech-support-server] [           main] org.hibernate.SQL                        : 
    insert 
    into
        tickets
        (technician_id, client_id, created_at, description, due_at, service_type, status, id) 
    values
        (?, ?, ?, ?, ?, ?, ?, default)
Hibernate: 
    insert 
    into
        tickets
        (technician_id, client_id, created_at, description, due_at, service_type, status, id) 
    values
        (?, ?, ?, ?, ?, ?, ?, default)
2025-06-23T12:12:39.617-02:30 DEBUG 64796 --- [tech-support-server] [           main] org.hibernate.SQL                        : 
    insert 
    into
        ticket_history
        (created_at, created_by, description, status, ticket_id, updated_at, id) 
    values
        (?, ?, ?, ?, ?, ?, default)
Hibernate: 
    insert 
    into
        ticket_history
        (created_at, created_by, description, status, ticket_id, updated_at, id) 
    values
        (?, ?, ?, ?, ?, ?, default)
2025-06-23T12:12:39.618-02:30 DEBUG 64796 --- [tech-support-server] [           main] org.hibernate.SQL                        : 
    insert 
    into
        ticket_history
        (created_at, created_by, description, status, ticket_id, updated_at, id) 
    values
        (?, ?, ?, ?, ?, ?, default)
Hibernate: 
    insert 
    into
        ticket_history
        (created_at, created_by, description, status, ticket_id, updated_at, id) 
    values
        (?, ?, ?, ?, ?, ?, default)
2025-06-23T12:12:39.619-02:30 DEBUG 64796 --- [tech-support-server] [           main] org.hibernate.SQL                        : 
    insert 
    into
        ticket_history
        (created_at, created_by, description, status, ticket_id, updated_at, id) 
    values
        (?, ?, ?, ?, ?, ?, default)
Hibernate: 
    insert 
    into
        ticket_history
        (created_at, created_by, description, status, ticket_id, updated_at, id) 
    values
        (?, ?, ?, ?, ?, ?, default)
2025-06-23T12:12:39.623-02:30 DEBUG 64796 --- [tech-support-server] [           main] org.hibernate.SQL                        : 
    select
        count(th1_0.id) 
    from
        ticket_history th1_0 
    where
        th1_0.ticket_id=? 
        and th1_0.status=?
Hibernate: 
    select
        count(th1_0.id) 
    from
        ticket_history th1_0 
    where
        th1_0.ticket_id=? 
        and th1_0.status=?
]]></system-out>
  </testcase>
</testsuite>