<?xml version="1.0" encoding="UTF-8"?>
<testsuite xmlns:xsi="http://www.w3.org/2001/XMLSchema-instance" xsi:noNamespaceSchemaLocation="https://maven.apache.org/surefire/maven-surefire-plugin/xsd/surefire-test-report.xsd" version="3.0.2" name="com.localtechsupport.repository.TicketRepositoryTest$PaginationTests" time="0.189" tests="7" errors="0" skipped="0" failures="0">
  <properties>
[...]
</properties>
  <testcase name="shouldHandleFirstPageCorrectly" classname="com.localtechsupport.repository.TicketRepositoryTest$PaginationTests" time="0.032">
    <system-out><![CDATA[2025-06-23T23:03:43.092-02:30  INFO 44673 --- [tech-support-server] [           main] t.c.s.AnnotationConfigContextLoaderUtils : Could not detect default configuration classes for test class [com.localtechsupport.repository.TicketRepositoryTest$PaginationTests]: PaginationTests does not declare any static, non-private, non-final, nested classes annotated with @Configuration.
2025-06-23T23:03:43.099-02:30  INFO 44673 --- [tech-support-server] [           main] .b.t.c.SpringBootTestContextBootstrapper : Found @SpringBootConfiguration com.localtechsupport.TechSupportServerApplication for test class com.localtechsupport.repository.TicketRepositoryTest$PaginationTests
2025-06-23T23:03:43.103-02:30 DEBUG 44673 --- [tech-support-server] [           main] org.hibernate.SQL                        : 
    DELETE 
    FROM
        ticket_history
Hibernate: 
    DELETE 
    FROM
        ticket_history
2025-06-23T23:03:43.105-02:30 DEBUG 44673 --- [tech-support-server] [           main] org.hibernate.SQL                        : 
    DELETE 
    FROM
        feedback_entries
Hibernate: 
    DELETE 
    FROM
        feedback_entries
2025-06-23T23:03:43.105-02:30 DEBUG 44673 --- [tech-support-server] [           main] org.hibernate.SQL                        : 
    DELETE 
    FROM
        appointments
Hibernate: 
    DELETE 
    FROM
        appointments
2025-06-23T23:03:43.106-02:30 DEBUG 44673 --- [tech-support-server] [           main] org.hibernate.SQL                        : 
    DELETE 
    FROM
        tickets
Hibernate: 
    DELETE 
    FROM
        tickets
2025-06-23T23:03:43.106-02:30 DEBUG 44673 --- [tech-support-server] [           main] org.hibernate.SQL                        : 
    DELETE 
    FROM
        technician_skills
Hibernate: 
    DELETE 
    FROM
        technician_skills
2025-06-23T23:03:43.106-02:30 DEBUG 44673 --- [tech-support-server] [           main] org.hibernate.SQL                        : 
    DELETE 
    FROM
        technicians
Hibernate: 
    DELETE 
    FROM
        technicians
2025-06-23T23:03:43.106-02:30 DEBUG 44673 --- [tech-support-server] [           main] org.hibernate.SQL                        : 
    DELETE 
    FROM
        clients
Hibernate: 
    DELETE 
    FROM
        clients
2025-06-23T23:03:43.106-02:30 DEBUG 44673 --- [tech-support-server] [           main] org.hibernate.SQL                        : 
    ALTER TABLE ticket_history ALTER COLUMN id RESTART WITH 1
Hibernate: 
    ALTER TABLE ticket_history ALTER COLUMN id RESTART WITH 1
2025-06-23T23:03:43.107-02:30 DEBUG 44673 --- [tech-support-server] [           main] org.hibernate.SQL                        : 
    ALTER TABLE feedback_entries ALTER COLUMN id RESTART WITH 1
Hibernate: 
    ALTER TABLE feedback_entries ALTER COLUMN id RESTART WITH 1
2025-06-23T23:03:43.107-02:30 DEBUG 44673 --- [tech-support-server] [           main] org.hibernate.SQL                        : 
    ALTER TABLE appointments ALTER COLUMN id RESTART WITH 1
Hibernate: 
    ALTER TABLE appointments ALTER COLUMN id RESTART WITH 1
2025-06-23T23:03:43.108-02:30 DEBUG 44673 --- [tech-support-server] [           main] org.hibernate.SQL                        : 
    ALTER TABLE tickets ALTER COLUMN id RESTART WITH 1
Hibernate: 
    ALTER TABLE tickets ALTER COLUMN id RESTART WITH 1
2025-06-23T23:03:43.108-02:30 DEBUG 44673 --- [tech-support-server] [           main] org.hibernate.SQL                        : 
    ALTER TABLE technician_skills ALTER COLUMN id RESTART WITH 1
Hibernate: 
    ALTER TABLE technician_skills ALTER COLUMN id RESTART WITH 1
2025-06-23T23:03:43.108-02:30 DEBUG 44673 --- [tech-support-server] [           main] org.hibernate.SQL                        : 
    ALTER TABLE technicians ALTER COLUMN id RESTART WITH 1
Hibernate: 
    ALTER TABLE technicians ALTER COLUMN id RESTART WITH 1
2025-06-23T23:03:43.108-02:30 DEBUG 44673 --- [tech-support-server] [           main] org.hibernate.SQL                        : 
    ALTER TABLE clients ALTER COLUMN id RESTART WITH 1
Hibernate: 
    ALTER TABLE clients ALTER COLUMN id RESTART WITH 1
2025-06-23T23:03:43.110-02:30 DEBUG 44673 --- [tech-support-server] [           main] org.hibernate.SQL                        : 
    insert 
    into
        clients
        (address, created_at, email, first_name, last_name, notes, phone, status, updated_at, id) 
    values
        (?, ?, ?, ?, ?, ?, ?, ?, ?, default)
Hibernate: 
    insert 
    into
        clients
        (address, created_at, email, first_name, last_name, notes, phone, status, updated_at, id) 
    values
        (?, ?, ?, ?, ?, ?, ?, ?, ?, default)
2025-06-23T23:03:43.111-02:30 DEBUG 44673 --- [tech-support-server] [           main] org.hibernate.SQL                        : 
    insert 
    into
        tickets
        (technician_id, client_id, created_at, description, due_at, service_type, status, id) 
    values
        (?, ?, ?, ?, ?, ?, ?, default)
Hibernate: 
    insert 
    into
        tickets
        (technician_id, client_id, created_at, description, due_at, service_type, status, id) 
    values
        (?, ?, ?, ?, ?, ?, ?, default)
2025-06-23T23:03:43.112-02:30 DEBUG 44673 --- [tech-support-server] [           main] org.hibernate.SQL                        : 
    insert 
    into
        clients
        (address, created_at, email, first_name, last_name, notes, phone, status, updated_at, id) 
    values
        (?, ?, ?, ?, ?, ?, ?, ?, ?, default)
Hibernate: 
    insert 
    into
        clients
        (address, created_at, email, first_name, last_name, notes, phone, status, updated_at, id) 
    values
        (?, ?, ?, ?, ?, ?, ?, ?, ?, default)
2025-06-23T23:03:43.113-02:30 DEBUG 44673 --- [tech-support-server] [           main] org.hibernate.SQL                        : 
    insert 
    into
        tickets
        (technician_id, client_id, created_at, description, due_at, service_type, status, id) 
    values
        (?, ?, ?, ?, ?, ?, ?, default)
Hibernate: 
    insert 
    into
        tickets
        (technician_id, client_id, created_at, description, due_at, service_type, status, id) 
    values
        (?, ?, ?, ?, ?, ?, ?, default)
2025-06-23T23:03:43.113-02:30 DEBUG 44673 --- [tech-support-server] [           main] org.hibernate.SQL                        : 
    insert 
    into
        clients
        (address, created_at, email, first_name, last_name, notes, phone, status, updated_at, id) 
    values
        (?, ?, ?, ?, ?, ?, ?, ?, ?, default)
Hibernate: 
    insert 
    into
        clients
        (address, created_at, email, first_name, last_name, notes, phone, status, updated_at, id) 
    values
        (?, ?, ?, ?, ?, ?, ?, ?, ?, default)
2025-06-23T23:03:43.114-02:30 DEBUG 44673 --- [tech-support-server] [           main] org.hibernate.SQL                        : 
    insert 
    into
        tickets
        (technician_id, client_id, created_at, description, due_at, service_type, status, id) 
    values
        (?, ?, ?, ?, ?, ?, ?, default)
Hibernate: 
    insert 
    into
        tickets
        (technician_id, client_id, created_at, description, due_at, service_type, status, id) 
    values
        (?, ?, ?, ?, ?, ?, ?, default)
2025-06-23T23:03:43.114-02:30 DEBUG 44673 --- [tech-support-server] [           main] org.hibernate.SQL                        : 
    insert 
    into
        clients
        (address, created_at, email, first_name, last_name, notes, phone, status, updated_at, id) 
    values
        (?, ?, ?, ?, ?, ?, ?, ?, ?, default)
Hibernate: 
    insert 
    into
        clients
        (address, created_at, email, first_name, last_name, notes, phone, status, updated_at, id) 
    values
        (?, ?, ?, ?, ?, ?, ?, ?, ?, default)
2025-06-23T23:03:43.115-02:30 DEBUG 44673 --- [tech-support-server] [           main] org.hibernate.SQL                        : 
    insert 
    into
        tickets
        (technician_id, client_id, created_at, description, due_at, service_type, status, id) 
    values
        (?, ?, ?, ?, ?, ?, ?, default)
Hibernate: 
    insert 
    into
        tickets
        (technician_id, client_id, created_at, description, due_at, service_type, status, id) 
    values
        (?, ?, ?, ?, ?, ?, ?, default)
2025-06-23T23:03:43.115-02:30 DEBUG 44673 --- [tech-support-server] [           main] org.hibernate.SQL                        : 
    insert 
    into
        clients
        (address, created_at, email, first_name, last_name, notes, phone, status, updated_at, id) 
    values
        (?, ?, ?, ?, ?, ?, ?, ?, ?, default)
Hibernate: 
    insert 
    into
        clients
        (address, created_at, email, first_name, last_name, notes, phone, status, updated_at, id) 
    values
        (?, ?, ?, ?, ?, ?, ?, ?, ?, default)
2025-06-23T23:03:43.116-02:30 DEBUG 44673 --- [tech-support-server] [           main] org.hibernate.SQL                        : 
    insert 
    into
        tickets
        (technician_id, client_id, created_at, description, due_at, service_type, status, id) 
    values
        (?, ?, ?, ?, ?, ?, ?, default)
Hibernate: 
    insert 
    into
        tickets
        (technician_id, client_id, created_at, description, due_at, service_type, status, id) 
    values
        (?, ?, ?, ?, ?, ?, ?, default)
2025-06-23T23:03:43.116-02:30 DEBUG 44673 --- [tech-support-server] [           main] org.hibernate.SQL                        : 
    insert 
    into
        clients
        (address, created_at, email, first_name, last_name, notes, phone, status, updated_at, id) 
    values
        (?, ?, ?, ?, ?, ?, ?, ?, ?, default)
Hibernate: 
    insert 
    into
        clients
        (address, created_at, email, first_name, last_name, notes, phone, status, updated_at, id) 
    values
        (?, ?, ?, ?, ?, ?, ?, ?, ?, default)
2025-06-23T23:03:43.117-02:30 DEBUG 44673 --- [tech-support-server] [           main] org.hibernate.SQL                        : 
    insert 
    into
        tickets
        (technician_id, client_id, created_at, description, due_at, service_type, status, id) 
    values
        (?, ?, ?, ?, ?, ?, ?, default)
Hibernate: 
    insert 
    into
        tickets
        (technician_id, client_id, created_at, description, due_at, service_type, status, id) 
    values
        (?, ?, ?, ?, ?, ?, ?, default)
2025-06-23T23:03:43.118-02:30 DEBUG 44673 --- [tech-support-server] [           main] org.hibernate.SQL                        : 
    insert 
    into
        clients
        (address, created_at, email, first_name, last_name, notes, phone, status, updated_at, id) 
    values
        (?, ?, ?, ?, ?, ?, ?, ?, ?, default)
Hibernate: 
    insert 
    into
        clients
        (address, created_at, email, first_name, last_name, notes, phone, status, updated_at, id) 
    values
        (?, ?, ?, ?, ?, ?, ?, ?, ?, default)
2025-06-23T23:03:43.118-02:30 DEBUG 44673 --- [tech-support-server] [           main] org.hibernate.SQL                        : 
    insert 
    into
        tickets
        (technician_id, client_id, created_at, description, due_at, service_type, status, id) 
    values
        (?, ?, ?, ?, ?, ?, ?, default)
Hibernate: 
    insert 
    into
        tickets
        (technician_id, client_id, created_at, description, due_at, service_type, status, id) 
    values
        (?, ?, ?, ?, ?, ?, ?, default)
2025-06-23T23:03:43.119-02:30 DEBUG 44673 --- [tech-support-server] [           main] org.hibernate.SQL                        : 
    insert 
    into
        clients
        (address, created_at, email, first_name, last_name, notes, phone, status, updated_at, id) 
    values
        (?, ?, ?, ?, ?, ?, ?, ?, ?, default)
Hibernate: 
    insert 
    into
        clients
        (address, created_at, email, first_name, last_name, notes, phone, status, updated_at, id) 
    values
        (?, ?, ?, ?, ?, ?, ?, ?, ?, default)
2025-06-23T23:03:43.120-02:30 DEBUG 44673 --- [tech-support-server] [           main] org.hibernate.SQL                        : 
    insert 
    into
        tickets
        (technician_id, client_id, created_at, description, due_at, service_type, status, id) 
    values
        (?, ?, ?, ?, ?, ?, ?, default)
Hibernate: 
    insert 
    into
        tickets
        (technician_id, client_id, created_at, description, due_at, service_type, status, id) 
    values
        (?, ?, ?, ?, ?, ?, ?, default)
2025-06-23T23:03:43.121-02:30 DEBUG 44673 --- [tech-support-server] [           main] org.hibernate.SQL                        : 
    insert 
    into
        clients
        (address, created_at, email, first_name, last_name, notes, phone, status, updated_at, id) 
    values
        (?, ?, ?, ?, ?, ?, ?, ?, ?, default)
Hibernate: 
    insert 
    into
        clients
        (address, created_at, email, first_name, last_name, notes, phone, status, updated_at, id) 
    values
        (?, ?, ?, ?, ?, ?, ?, ?, ?, default)
2025-06-23T23:03:43.123-02:30 DEBUG 44673 --- [tech-support-server] [           main] org.hibernate.SQL                        : 
    insert 
    into
        tickets
        (technician_id, client_id, created_at, description, due_at, service_type, status, id) 
    values
        (?, ?, ?, ?, ?, ?, ?, default)
Hibernate: 
    insert 
    into
        tickets
        (technician_id, client_id, created_at, description, due_at, service_type, status, id) 
    values
        (?, ?, ?, ?, ?, ?, ?, default)
2025-06-23T23:03:43.124-02:30 DEBUG 44673 --- [tech-support-server] [           main] org.hibernate.SQL                        : 
    insert 
    into
        clients
        (address, created_at, email, first_name, last_name, notes, phone, status, updated_at, id) 
    values
        (?, ?, ?, ?, ?, ?, ?, ?, ?, default)
Hibernate: 
    insert 
    into
        clients
        (address, created_at, email, first_name, last_name, notes, phone, status, updated_at, id) 
    values
        (?, ?, ?, ?, ?, ?, ?, ?, ?, default)
2025-06-23T23:03:43.125-02:30 DEBUG 44673 --- [tech-support-server] [           main] org.hibernate.SQL                        : 
    insert 
    into
        tickets
        (technician_id, client_id, created_at, description, due_at, service_type, status, id) 
    values
        (?, ?, ?, ?, ?, ?, ?, default)
Hibernate: 
    insert 
    into
        tickets
        (technician_id, client_id, created_at, description, due_at, service_type, status, id) 
    values
        (?, ?, ?, ?, ?, ?, ?, default)
2025-06-23T23:03:43.128-02:30 DEBUG 44673 --- [tech-support-server] [           main] org.hibernate.SQL                        : 
    select
        t1_0.id,
        t1_0.technician_id,
        t1_0.client_id,
        t1_0.created_at,
        t1_0.description,
        t1_0.due_at,
        t1_0.service_type,
        t1_0.status 
    from
        tickets t1_0 
    where
        t1_0.status=? 
    fetch
        first ? rows only
Hibernate: 
    select
        t1_0.id,
        t1_0.technician_id,
        t1_0.client_id,
        t1_0.created_at,
        t1_0.description,
        t1_0.due_at,
        t1_0.service_type,
        t1_0.status 
    from
        tickets t1_0 
    where
        t1_0.status=? 
    fetch
        first ? rows only
2025-06-23T23:03:43.130-02:30 DEBUG 44673 --- [tech-support-server] [           main] org.hibernate.SQL                        : 
    select
        count(t1_0.id) 
    from
        tickets t1_0 
    where
        t1_0.status=?
Hibernate: 
    select
        count(t1_0.id) 
    from
        tickets t1_0 
    where
        t1_0.status=?
]]></system-out>
  </testcase>
  <testcase name="shouldHandleEmptyResultsWithPagination" classname="com.localtechsupport.repository.TicketRepositoryTest$PaginationTests" time="0.011">
    <system-out><![CDATA[2025-06-23T23:03:43.136-02:30 DEBUG 44673 --- [tech-support-server] [           main] org.hibernate.SQL                        : 
    DELETE 
    FROM
        ticket_history
Hibernate: 
    DELETE 
    FROM
        ticket_history
2025-06-23T23:03:43.136-02:30 DEBUG 44673 --- [tech-support-server] [           main] org.hibernate.SQL                        : 
    DELETE 
    FROM
        feedback_entries
Hibernate: 
    DELETE 
    FROM
        feedback_entries
2025-06-23T23:03:43.136-02:30 DEBUG 44673 --- [tech-support-server] [           main] org.hibernate.SQL                        : 
    DELETE 
    FROM
        appointments
Hibernate: 
    DELETE 
    FROM
        appointments
2025-06-23T23:03:43.137-02:30 DEBUG 44673 --- [tech-support-server] [           main] org.hibernate.SQL                        : 
    DELETE 
    FROM
        tickets
Hibernate: 
    DELETE 
    FROM
        tickets
2025-06-23T23:03:43.137-02:30 DEBUG 44673 --- [tech-support-server] [           main] org.hibernate.SQL                        : 
    DELETE 
    FROM
        technician_skills
Hibernate: 
    DELETE 
    FROM
        technician_skills
2025-06-23T23:03:43.137-02:30 DEBUG 44673 --- [tech-support-server] [           main] org.hibernate.SQL                        : 
    DELETE 
    FROM
        technicians
Hibernate: 
    DELETE 
    FROM
        technicians
2025-06-23T23:03:43.137-02:30 DEBUG 44673 --- [tech-support-server] [           main] org.hibernate.SQL                        : 
    DELETE 
    FROM
        clients
Hibernate: 
    DELETE 
    FROM
        clients
2025-06-23T23:03:43.138-02:30 DEBUG 44673 --- [tech-support-server] [           main] org.hibernate.SQL                        : 
    ALTER TABLE ticket_history ALTER COLUMN id RESTART WITH 1
Hibernate: 
    ALTER TABLE ticket_history ALTER COLUMN id RESTART WITH 1
2025-06-23T23:03:43.138-02:30 DEBUG 44673 --- [tech-support-server] [           main] org.hibernate.SQL                        : 
    ALTER TABLE feedback_entries ALTER COLUMN id RESTART WITH 1
Hibernate: 
    ALTER TABLE feedback_entries ALTER COLUMN id RESTART WITH 1
2025-06-23T23:03:43.139-02:30 DEBUG 44673 --- [tech-support-server] [           main] org.hibernate.SQL                        : 
    ALTER TABLE appointments ALTER COLUMN id RESTART WITH 1
Hibernate: 
    ALTER TABLE appointments ALTER COLUMN id RESTART WITH 1
2025-06-23T23:03:43.139-02:30 DEBUG 44673 --- [tech-support-server] [           main] org.hibernate.SQL                        : 
    ALTER TABLE tickets ALTER COLUMN id RESTART WITH 1
Hibernate: 
    ALTER TABLE tickets ALTER COLUMN id RESTART WITH 1
2025-06-23T23:03:43.140-02:30 DEBUG 44673 --- [tech-support-server] [           main] org.hibernate.SQL                        : 
    ALTER TABLE technician_skills ALTER COLUMN id RESTART WITH 1
Hibernate: 
    ALTER TABLE technician_skills ALTER COLUMN id RESTART WITH 1
2025-06-23T23:03:43.140-02:30 DEBUG 44673 --- [tech-support-server] [           main] org.hibernate.SQL                        : 
    ALTER TABLE technicians ALTER COLUMN id RESTART WITH 1
Hibernate: 
    ALTER TABLE technicians ALTER COLUMN id RESTART WITH 1
2025-06-23T23:03:43.140-02:30 DEBUG 44673 --- [tech-support-server] [           main] org.hibernate.SQL                        : 
    ALTER TABLE clients ALTER COLUMN id RESTART WITH 1
Hibernate: 
    ALTER TABLE clients ALTER COLUMN id RESTART WITH 1
2025-06-23T23:03:43.143-02:30 DEBUG 44673 --- [tech-support-server] [           main] org.hibernate.SQL                        : 
    select
        t1_0.id,
        t1_0.technician_id,
        t1_0.client_id,
        t1_0.created_at,
        t1_0.description,
        t1_0.due_at,
        t1_0.service_type,
        t1_0.status 
    from
        tickets t1_0 
    where
        t1_0.status=? 
    fetch
        first ? rows only
Hibernate: 
    select
        t1_0.id,
        t1_0.technician_id,
        t1_0.client_id,
        t1_0.created_at,
        t1_0.description,
        t1_0.due_at,
        t1_0.service_type,
        t1_0.status 
    from
        tickets t1_0 
    where
        t1_0.status=? 
    fetch
        first ? rows only
]]></system-out>
  </testcase>
  <testcase name="shouldHandlePageBeyondAvailableData" classname="com.localtechsupport.repository.TicketRepositoryTest$PaginationTests" time="0.03">
    <system-out><![CDATA[2025-06-23T23:03:43.148-02:30 DEBUG 44673 --- [tech-support-server] [           main] org.hibernate.SQL                        : 
    DELETE 
    FROM
        ticket_history
Hibernate: 
    DELETE 
    FROM
        ticket_history
2025-06-23T23:03:43.148-02:30 DEBUG 44673 --- [tech-support-server] [           main] org.hibernate.SQL                        : 
    DELETE 
    FROM
        feedback_entries
Hibernate: 
    DELETE 
    FROM
        feedback_entries
2025-06-23T23:03:43.149-02:30 DEBUG 44673 --- [tech-support-server] [           main] org.hibernate.SQL                        : 
    DELETE 
    FROM
        appointments
Hibernate: 
    DELETE 
    FROM
        appointments
2025-06-23T23:03:43.149-02:30 DEBUG 44673 --- [tech-support-server] [           main] org.hibernate.SQL                        : 
    DELETE 
    FROM
        tickets
Hibernate: 
    DELETE 
    FROM
        tickets
2025-06-23T23:03:43.149-02:30 DEBUG 44673 --- [tech-support-server] [           main] org.hibernate.SQL                        : 
    DELETE 
    FROM
        technician_skills
Hibernate: 
    DELETE 
    FROM
        technician_skills
2025-06-23T23:03:43.149-02:30 DEBUG 44673 --- [tech-support-server] [           main] org.hibernate.SQL                        : 
    DELETE 
    FROM
        technicians
Hibernate: 
    DELETE 
    FROM
        technicians
2025-06-23T23:03:43.149-02:30 DEBUG 44673 --- [tech-support-server] [           main] org.hibernate.SQL                        : 
    DELETE 
    FROM
        clients
Hibernate: 
    DELETE 
    FROM
        clients
2025-06-23T23:03:43.149-02:30 DEBUG 44673 --- [tech-support-server] [           main] org.hibernate.SQL                        : 
    ALTER TABLE ticket_history ALTER COLUMN id RESTART WITH 1
Hibernate: 
    ALTER TABLE ticket_history ALTER COLUMN id RESTART WITH 1
2025-06-23T23:03:43.150-02:30 DEBUG 44673 --- [tech-support-server] [           main] org.hibernate.SQL                        : 
    ALTER TABLE feedback_entries ALTER COLUMN id RESTART WITH 1
Hibernate: 
    ALTER TABLE feedback_entries ALTER COLUMN id RESTART WITH 1
2025-06-23T23:03:43.151-02:30 DEBUG 44673 --- [tech-support-server] [           main] org.hibernate.SQL                        : 
    ALTER TABLE appointments ALTER COLUMN id RESTART WITH 1
Hibernate: 
    ALTER TABLE appointments ALTER COLUMN id RESTART WITH 1
2025-06-23T23:03:43.151-02:30 DEBUG 44673 --- [tech-support-server] [           main] org.hibernate.SQL                        : 
    ALTER TABLE tickets ALTER COLUMN id RESTART WITH 1
Hibernate: 
    ALTER TABLE tickets ALTER COLUMN id RESTART WITH 1
2025-06-23T23:03:43.151-02:30 DEBUG 44673 --- [tech-support-server] [           main] org.hibernate.SQL                        : 
    ALTER TABLE technician_skills ALTER COLUMN id RESTART WITH 1
Hibernate: 
    ALTER TABLE technician_skills ALTER COLUMN id RESTART WITH 1
2025-06-23T23:03:43.151-02:30 DEBUG 44673 --- [tech-support-server] [           main] org.hibernate.SQL                        : 
    ALTER TABLE technicians ALTER COLUMN id RESTART WITH 1
Hibernate: 
    ALTER TABLE technicians ALTER COLUMN id RESTART WITH 1
2025-06-23T23:03:43.152-02:30 DEBUG 44673 --- [tech-support-server] [           main] org.hibernate.SQL                        : 
    ALTER TABLE clients ALTER COLUMN id RESTART WITH 1
Hibernate: 
    ALTER TABLE clients ALTER COLUMN id RESTART WITH 1
2025-06-23T23:03:43.157-02:30 DEBUG 44673 --- [tech-support-server] [           main] org.hibernate.SQL                        : 
    insert 
    into
        clients
        (address, created_at, email, first_name, last_name, notes, phone, status, updated_at, id) 
    values
        (?, ?, ?, ?, ?, ?, ?, ?, ?, default)
Hibernate: 
    insert 
    into
        clients
        (address, created_at, email, first_name, last_name, notes, phone, status, updated_at, id) 
    values
        (?, ?, ?, ?, ?, ?, ?, ?, ?, default)
2025-06-23T23:03:43.158-02:30 DEBUG 44673 --- [tech-support-server] [           main] org.hibernate.SQL                        : 
    insert 
    into
        tickets
        (technician_id, client_id, created_at, description, due_at, service_type, status, id) 
    values
        (?, ?, ?, ?, ?, ?, ?, default)
Hibernate: 
    insert 
    into
        tickets
        (technician_id, client_id, created_at, description, due_at, service_type, status, id) 
    values
        (?, ?, ?, ?, ?, ?, ?, default)
2025-06-23T23:03:43.159-02:30 DEBUG 44673 --- [tech-support-server] [           main] org.hibernate.SQL                        : 
    insert 
    into
        clients
        (address, created_at, email, first_name, last_name, notes, phone, status, updated_at, id) 
    values
        (?, ?, ?, ?, ?, ?, ?, ?, ?, default)
Hibernate: 
    insert 
    into
        clients
        (address, created_at, email, first_name, last_name, notes, phone, status, updated_at, id) 
    values
        (?, ?, ?, ?, ?, ?, ?, ?, ?, default)
2025-06-23T23:03:43.160-02:30 DEBUG 44673 --- [tech-support-server] [           main] org.hibernate.SQL                        : 
    insert 
    into
        tickets
        (technician_id, client_id, created_at, description, due_at, service_type, status, id) 
    values
        (?, ?, ?, ?, ?, ?, ?, default)
Hibernate: 
    insert 
    into
        tickets
        (technician_id, client_id, created_at, description, due_at, service_type, status, id) 
    values
        (?, ?, ?, ?, ?, ?, ?, default)
2025-06-23T23:03:43.160-02:30 DEBUG 44673 --- [tech-support-server] [           main] org.hibernate.SQL                        : 
    insert 
    into
        clients
        (address, created_at, email, first_name, last_name, notes, phone, status, updated_at, id) 
    values
        (?, ?, ?, ?, ?, ?, ?, ?, ?, default)
Hibernate: 
    insert 
    into
        clients
        (address, created_at, email, first_name, last_name, notes, phone, status, updated_at, id) 
    values
        (?, ?, ?, ?, ?, ?, ?, ?, ?, default)
2025-06-23T23:03:43.161-02:30 DEBUG 44673 --- [tech-support-server] [           main] org.hibernate.SQL                        : 
    insert 
    into
        tickets
        (technician_id, client_id, created_at, description, due_at, service_type, status, id) 
    values
        (?, ?, ?, ?, ?, ?, ?, default)
Hibernate: 
    insert 
    into
        tickets
        (technician_id, client_id, created_at, description, due_at, service_type, status, id) 
    values
        (?, ?, ?, ?, ?, ?, ?, default)
2025-06-23T23:03:43.161-02:30 DEBUG 44673 --- [tech-support-server] [           main] org.hibernate.SQL                        : 
    insert 
    into
        clients
        (address, created_at, email, first_name, last_name, notes, phone, status, updated_at, id) 
    values
        (?, ?, ?, ?, ?, ?, ?, ?, ?, default)
Hibernate: 
    insert 
    into
        clients
        (address, created_at, email, first_name, last_name, notes, phone, status, updated_at, id) 
    values
        (?, ?, ?, ?, ?, ?, ?, ?, ?, default)
2025-06-23T23:03:43.162-02:30 DEBUG 44673 --- [tech-support-server] [           main] org.hibernate.SQL                        : 
    insert 
    into
        tickets
        (technician_id, client_id, created_at, description, due_at, service_type, status, id) 
    values
        (?, ?, ?, ?, ?, ?, ?, default)
Hibernate: 
    insert 
    into
        tickets
        (technician_id, client_id, created_at, description, due_at, service_type, status, id) 
    values
        (?, ?, ?, ?, ?, ?, ?, default)
2025-06-23T23:03:43.162-02:30 DEBUG 44673 --- [tech-support-server] [           main] org.hibernate.SQL                        : 
    insert 
    into
        clients
        (address, created_at, email, first_name, last_name, notes, phone, status, updated_at, id) 
    values
        (?, ?, ?, ?, ?, ?, ?, ?, ?, default)
Hibernate: 
    insert 
    into
        clients
        (address, created_at, email, first_name, last_name, notes, phone, status, updated_at, id) 
    values
        (?, ?, ?, ?, ?, ?, ?, ?, ?, default)
2025-06-23T23:03:43.163-02:30 DEBUG 44673 --- [tech-support-server] [           main] org.hibernate.SQL                        : 
    insert 
    into
        tickets
        (technician_id, client_id, created_at, description, due_at, service_type, status, id) 
    values
        (?, ?, ?, ?, ?, ?, ?, default)
Hibernate: 
    insert 
    into
        tickets
        (technician_id, client_id, created_at, description, due_at, service_type, status, id) 
    values
        (?, ?, ?, ?, ?, ?, ?, default)
2025-06-23T23:03:43.163-02:30 DEBUG 44673 --- [tech-support-server] [           main] org.hibernate.SQL                        : 
    insert 
    into
        clients
        (address, created_at, email, first_name, last_name, notes, phone, status, updated_at, id) 
    values
        (?, ?, ?, ?, ?, ?, ?, ?, ?, default)
Hibernate: 
    insert 
    into
        clients
        (address, created_at, email, first_name, last_name, notes, phone, status, updated_at, id) 
    values
        (?, ?, ?, ?, ?, ?, ?, ?, ?, default)
2025-06-23T23:03:43.163-02:30 DEBUG 44673 --- [tech-support-server] [           main] org.hibernate.SQL                        : 
    insert 
    into
        tickets
        (technician_id, client_id, created_at, description, due_at, service_type, status, id) 
    values
        (?, ?, ?, ?, ?, ?, ?, default)
Hibernate: 
    insert 
    into
        tickets
        (technician_id, client_id, created_at, description, due_at, service_type, status, id) 
    values
        (?, ?, ?, ?, ?, ?, ?, default)
2025-06-23T23:03:43.164-02:30 DEBUG 44673 --- [tech-support-server] [           main] org.hibernate.SQL                        : 
    insert 
    into
        clients
        (address, created_at, email, first_name, last_name, notes, phone, status, updated_at, id) 
    values
        (?, ?, ?, ?, ?, ?, ?, ?, ?, default)
Hibernate: 
    insert 
    into
        clients
        (address, created_at, email, first_name, last_name, notes, phone, status, updated_at, id) 
    values
        (?, ?, ?, ?, ?, ?, ?, ?, ?, default)
2025-06-23T23:03:43.164-02:30 DEBUG 44673 --- [tech-support-server] [           main] org.hibernate.SQL                        : 
    insert 
    into
        tickets
        (technician_id, client_id, created_at, description, due_at, service_type, status, id) 
    values
        (?, ?, ?, ?, ?, ?, ?, default)
Hibernate: 
    insert 
    into
        tickets
        (technician_id, client_id, created_at, description, due_at, service_type, status, id) 
    values
        (?, ?, ?, ?, ?, ?, ?, default)
2025-06-23T23:03:43.165-02:30 DEBUG 44673 --- [tech-support-server] [           main] org.hibernate.SQL                        : 
    insert 
    into
        clients
        (address, created_at, email, first_name, last_name, notes, phone, status, updated_at, id) 
    values
        (?, ?, ?, ?, ?, ?, ?, ?, ?, default)
Hibernate: 
    insert 
    into
        clients
        (address, created_at, email, first_name, last_name, notes, phone, status, updated_at, id) 
    values
        (?, ?, ?, ?, ?, ?, ?, ?, ?, default)
2025-06-23T23:03:43.166-02:30 DEBUG 44673 --- [tech-support-server] [           main] org.hibernate.SQL                        : 
    insert 
    into
        tickets
        (technician_id, client_id, created_at, description, due_at, service_type, status, id) 
    values
        (?, ?, ?, ?, ?, ?, ?, default)
Hibernate: 
    insert 
    into
        tickets
        (technician_id, client_id, created_at, description, due_at, service_type, status, id) 
    values
        (?, ?, ?, ?, ?, ?, ?, default)
2025-06-23T23:03:43.166-02:30 DEBUG 44673 --- [tech-support-server] [           main] org.hibernate.SQL                        : 
    insert 
    into
        clients
        (address, created_at, email, first_name, last_name, notes, phone, status, updated_at, id) 
    values
        (?, ?, ?, ?, ?, ?, ?, ?, ?, default)
Hibernate: 
    insert 
    into
        clients
        (address, created_at, email, first_name, last_name, notes, phone, status, updated_at, id) 
    values
        (?, ?, ?, ?, ?, ?, ?, ?, ?, default)
2025-06-23T23:03:43.167-02:30 DEBUG 44673 --- [tech-support-server] [           main] org.hibernate.SQL                        : 
    insert 
    into
        tickets
        (technician_id, client_id, created_at, description, due_at, service_type, status, id) 
    values
        (?, ?, ?, ?, ?, ?, ?, default)
Hibernate: 
    insert 
    into
        tickets
        (technician_id, client_id, created_at, description, due_at, service_type, status, id) 
    values
        (?, ?, ?, ?, ?, ?, ?, default)
2025-06-23T23:03:43.167-02:30 DEBUG 44673 --- [tech-support-server] [           main] org.hibernate.SQL                        : 
    insert 
    into
        clients
        (address, created_at, email, first_name, last_name, notes, phone, status, updated_at, id) 
    values
        (?, ?, ?, ?, ?, ?, ?, ?, ?, default)
Hibernate: 
    insert 
    into
        clients
        (address, created_at, email, first_name, last_name, notes, phone, status, updated_at, id) 
    values
        (?, ?, ?, ?, ?, ?, ?, ?, ?, default)
2025-06-23T23:03:43.168-02:30 DEBUG 44673 --- [tech-support-server] [           main] org.hibernate.SQL                        : 
    insert 
    into
        tickets
        (technician_id, client_id, created_at, description, due_at, service_type, status, id) 
    values
        (?, ?, ?, ?, ?, ?, ?, default)
Hibernate: 
    insert 
    into
        tickets
        (technician_id, client_id, created_at, description, due_at, service_type, status, id) 
    values
        (?, ?, ?, ?, ?, ?, ?, default)
2025-06-23T23:03:43.171-02:30 DEBUG 44673 --- [tech-support-server] [           main] org.hibernate.SQL                        : 
    select
        t1_0.id,
        t1_0.technician_id,
        t1_0.client_id,
        t1_0.created_at,
        t1_0.description,
        t1_0.due_at,
        t1_0.service_type,
        t1_0.status 
    from
        tickets t1_0 
    where
        t1_0.status=? 
    offset
        ? rows 
    fetch
        first ? rows only
Hibernate: 
    select
        t1_0.id,
        t1_0.technician_id,
        t1_0.client_id,
        t1_0.created_at,
        t1_0.description,
        t1_0.due_at,
        t1_0.service_type,
        t1_0.status 
    from
        tickets t1_0 
    where
        t1_0.status=? 
    offset
        ? rows 
    fetch
        first ? rows only
2025-06-23T23:03:43.174-02:30 DEBUG 44673 --- [tech-support-server] [           main] org.hibernate.SQL                        : 
    select
        count(t1_0.id) 
    from
        tickets t1_0 
    where
        t1_0.status=?
Hibernate: 
    select
        count(t1_0.id) 
    from
        tickets t1_0 
    where
        t1_0.status=?
]]></system-out>
  </testcase>
  <testcase name="shouldHandleSortingByDescriptionAscending" classname="com.localtechsupport.repository.TicketRepositoryTest$PaginationTests" time="0.029">
    <system-out><![CDATA[2025-06-23T23:03:43.180-02:30 DEBUG 44673 --- [tech-support-server] [           main] org.hibernate.SQL                        : 
    DELETE 
    FROM
        ticket_history
Hibernate: 
    DELETE 
    FROM
        ticket_history
2025-06-23T23:03:43.181-02:30 DEBUG 44673 --- [tech-support-server] [           main] org.hibernate.SQL                        : 
    DELETE 
    FROM
        feedback_entries
Hibernate: 
    DELETE 
    FROM
        feedback_entries
2025-06-23T23:03:43.181-02:30 DEBUG 44673 --- [tech-support-server] [           main] org.hibernate.SQL                        : 
    DELETE 
    FROM
        appointments
Hibernate: 
    DELETE 
    FROM
        appointments
2025-06-23T23:03:43.181-02:30 DEBUG 44673 --- [tech-support-server] [           main] org.hibernate.SQL                        : 
    DELETE 
    FROM
        tickets
Hibernate: 
    DELETE 
    FROM
        tickets
2025-06-23T23:03:43.182-02:30 DEBUG 44673 --- [tech-support-server] [           main] org.hibernate.SQL                        : 
    DELETE 
    FROM
        technician_skills
Hibernate: 
    DELETE 
    FROM
        technician_skills
2025-06-23T23:03:43.182-02:30 DEBUG 44673 --- [tech-support-server] [           main] org.hibernate.SQL                        : 
    DELETE 
    FROM
        technicians
Hibernate: 
    DELETE 
    FROM
        technicians
2025-06-23T23:03:43.182-02:30 DEBUG 44673 --- [tech-support-server] [           main] org.hibernate.SQL                        : 
    DELETE 
    FROM
        clients
Hibernate: 
    DELETE 
    FROM
        clients
2025-06-23T23:03:43.182-02:30 DEBUG 44673 --- [tech-support-server] [           main] org.hibernate.SQL                        : 
    ALTER TABLE ticket_history ALTER COLUMN id RESTART WITH 1
Hibernate: 
    ALTER TABLE ticket_history ALTER COLUMN id RESTART WITH 1
2025-06-23T23:03:43.182-02:30 DEBUG 44673 --- [tech-support-server] [           main] org.hibernate.SQL                        : 
    ALTER TABLE feedback_entries ALTER COLUMN id RESTART WITH 1
Hibernate: 
    ALTER TABLE feedback_entries ALTER COLUMN id RESTART WITH 1
2025-06-23T23:03:43.183-02:30 DEBUG 44673 --- [tech-support-server] [           main] org.hibernate.SQL                        : 
    ALTER TABLE appointments ALTER COLUMN id RESTART WITH 1
Hibernate: 
    ALTER TABLE appointments ALTER COLUMN id RESTART WITH 1
2025-06-23T23:03:43.183-02:30 DEBUG 44673 --- [tech-support-server] [           main] org.hibernate.SQL                        : 
    ALTER TABLE tickets ALTER COLUMN id RESTART WITH 1
Hibernate: 
    ALTER TABLE tickets ALTER COLUMN id RESTART WITH 1
2025-06-23T23:03:43.183-02:30 DEBUG 44673 --- [tech-support-server] [           main] org.hibernate.SQL                        : 
    ALTER TABLE technician_skills ALTER COLUMN id RESTART WITH 1
Hibernate: 
    ALTER TABLE technician_skills ALTER COLUMN id RESTART WITH 1
2025-06-23T23:03:43.184-02:30 DEBUG 44673 --- [tech-support-server] [           main] org.hibernate.SQL                        : 
    ALTER TABLE technicians ALTER COLUMN id RESTART WITH 1
Hibernate: 
    ALTER TABLE technicians ALTER COLUMN id RESTART WITH 1
2025-06-23T23:03:43.184-02:30 DEBUG 44673 --- [tech-support-server] [           main] org.hibernate.SQL                        : 
    ALTER TABLE clients ALTER COLUMN id RESTART WITH 1
Hibernate: 
    ALTER TABLE clients ALTER COLUMN id RESTART WITH 1
2025-06-23T23:03:43.185-02:30 DEBUG 44673 --- [tech-support-server] [           main] org.hibernate.SQL                        : 
    insert 
    into
        clients
        (address, created_at, email, first_name, last_name, notes, phone, status, updated_at, id) 
    values
        (?, ?, ?, ?, ?, ?, ?, ?, ?, default)
Hibernate: 
    insert 
    into
        clients
        (address, created_at, email, first_name, last_name, notes, phone, status, updated_at, id) 
    values
        (?, ?, ?, ?, ?, ?, ?, ?, ?, default)
2025-06-23T23:03:43.187-02:30 DEBUG 44673 --- [tech-support-server] [           main] org.hibernate.SQL                        : 
    insert 
    into
        tickets
        (technician_id, client_id, created_at, description, due_at, service_type, status, id) 
    values
        (?, ?, ?, ?, ?, ?, ?, default)
Hibernate: 
    insert 
    into
        tickets
        (technician_id, client_id, created_at, description, due_at, service_type, status, id) 
    values
        (?, ?, ?, ?, ?, ?, ?, default)
2025-06-23T23:03:43.189-02:30 DEBUG 44673 --- [tech-support-server] [           main] org.hibernate.SQL                        : 
    insert 
    into
        clients
        (address, created_at, email, first_name, last_name, notes, phone, status, updated_at, id) 
    values
        (?, ?, ?, ?, ?, ?, ?, ?, ?, default)
Hibernate: 
    insert 
    into
        clients
        (address, created_at, email, first_name, last_name, notes, phone, status, updated_at, id) 
    values
        (?, ?, ?, ?, ?, ?, ?, ?, ?, default)
2025-06-23T23:03:43.190-02:30 DEBUG 44673 --- [tech-support-server] [           main] org.hibernate.SQL                        : 
    insert 
    into
        tickets
        (technician_id, client_id, created_at, description, due_at, service_type, status, id) 
    values
        (?, ?, ?, ?, ?, ?, ?, default)
Hibernate: 
    insert 
    into
        tickets
        (technician_id, client_id, created_at, description, due_at, service_type, status, id) 
    values
        (?, ?, ?, ?, ?, ?, ?, default)
2025-06-23T23:03:43.190-02:30 DEBUG 44673 --- [tech-support-server] [           main] org.hibernate.SQL                        : 
    insert 
    into
        clients
        (address, created_at, email, first_name, last_name, notes, phone, status, updated_at, id) 
    values
        (?, ?, ?, ?, ?, ?, ?, ?, ?, default)
Hibernate: 
    insert 
    into
        clients
        (address, created_at, email, first_name, last_name, notes, phone, status, updated_at, id) 
    values
        (?, ?, ?, ?, ?, ?, ?, ?, ?, default)
2025-06-23T23:03:43.191-02:30 DEBUG 44673 --- [tech-support-server] [           main] org.hibernate.SQL                        : 
    insert 
    into
        tickets
        (technician_id, client_id, created_at, description, due_at, service_type, status, id) 
    values
        (?, ?, ?, ?, ?, ?, ?, default)
Hibernate: 
    insert 
    into
        tickets
        (technician_id, client_id, created_at, description, due_at, service_type, status, id) 
    values
        (?, ?, ?, ?, ?, ?, ?, default)
2025-06-23T23:03:43.191-02:30 DEBUG 44673 --- [tech-support-server] [           main] org.hibernate.SQL                        : 
    insert 
    into
        clients
        (address, created_at, email, first_name, last_name, notes, phone, status, updated_at, id) 
    values
        (?, ?, ?, ?, ?, ?, ?, ?, ?, default)
Hibernate: 
    insert 
    into
        clients
        (address, created_at, email, first_name, last_name, notes, phone, status, updated_at, id) 
    values
        (?, ?, ?, ?, ?, ?, ?, ?, ?, default)
2025-06-23T23:03:43.192-02:30 DEBUG 44673 --- [tech-support-server] [           main] org.hibernate.SQL                        : 
    insert 
    into
        tickets
        (technician_id, client_id, created_at, description, due_at, service_type, status, id) 
    values
        (?, ?, ?, ?, ?, ?, ?, default)
Hibernate: 
    insert 
    into
        tickets
        (technician_id, client_id, created_at, description, due_at, service_type, status, id) 
    values
        (?, ?, ?, ?, ?, ?, ?, default)
2025-06-23T23:03:43.192-02:30 DEBUG 44673 --- [tech-support-server] [           main] org.hibernate.SQL                        : 
    insert 
    into
        clients
        (address, created_at, email, first_name, last_name, notes, phone, status, updated_at, id) 
    values
        (?, ?, ?, ?, ?, ?, ?, ?, ?, default)
Hibernate: 
    insert 
    into
        clients
        (address, created_at, email, first_name, last_name, notes, phone, status, updated_at, id) 
    values
        (?, ?, ?, ?, ?, ?, ?, ?, ?, default)
2025-06-23T23:03:43.193-02:30 DEBUG 44673 --- [tech-support-server] [           main] org.hibernate.SQL                        : 
    insert 
    into
        tickets
        (technician_id, client_id, created_at, description, due_at, service_type, status, id) 
    values
        (?, ?, ?, ?, ?, ?, ?, default)
Hibernate: 
    insert 
    into
        tickets
        (technician_id, client_id, created_at, description, due_at, service_type, status, id) 
    values
        (?, ?, ?, ?, ?, ?, ?, default)
2025-06-23T23:03:43.194-02:30 DEBUG 44673 --- [tech-support-server] [           main] org.hibernate.SQL                        : 
    insert 
    into
        clients
        (address, created_at, email, first_name, last_name, notes, phone, status, updated_at, id) 
    values
        (?, ?, ?, ?, ?, ?, ?, ?, ?, default)
Hibernate: 
    insert 
    into
        clients
        (address, created_at, email, first_name, last_name, notes, phone, status, updated_at, id) 
    values
        (?, ?, ?, ?, ?, ?, ?, ?, ?, default)
2025-06-23T23:03:43.194-02:30 DEBUG 44673 --- [tech-support-server] [           main] org.hibernate.SQL                        : 
    insert 
    into
        tickets
        (technician_id, client_id, created_at, description, due_at, service_type, status, id) 
    values
        (?, ?, ?, ?, ?, ?, ?, default)
Hibernate: 
    insert 
    into
        tickets
        (technician_id, client_id, created_at, description, due_at, service_type, status, id) 
    values
        (?, ?, ?, ?, ?, ?, ?, default)
2025-06-23T23:03:43.195-02:30 DEBUG 44673 --- [tech-support-server] [           main] org.hibernate.SQL                        : 
    insert 
    into
        clients
        (address, created_at, email, first_name, last_name, notes, phone, status, updated_at, id) 
    values
        (?, ?, ?, ?, ?, ?, ?, ?, ?, default)
Hibernate: 
    insert 
    into
        clients
        (address, created_at, email, first_name, last_name, notes, phone, status, updated_at, id) 
    values
        (?, ?, ?, ?, ?, ?, ?, ?, ?, default)
2025-06-23T23:03:43.195-02:30 DEBUG 44673 --- [tech-support-server] [           main] org.hibernate.SQL                        : 
    insert 
    into
        tickets
        (technician_id, client_id, created_at, description, due_at, service_type, status, id) 
    values
        (?, ?, ?, ?, ?, ?, ?, default)
Hibernate: 
    insert 
    into
        tickets
        (technician_id, client_id, created_at, description, due_at, service_type, status, id) 
    values
        (?, ?, ?, ?, ?, ?, ?, default)
2025-06-23T23:03:43.196-02:30 DEBUG 44673 --- [tech-support-server] [           main] org.hibernate.SQL                        : 
    insert 
    into
        clients
        (address, created_at, email, first_name, last_name, notes, phone, status, updated_at, id) 
    values
        (?, ?, ?, ?, ?, ?, ?, ?, ?, default)
Hibernate: 
    insert 
    into
        clients
        (address, created_at, email, first_name, last_name, notes, phone, status, updated_at, id) 
    values
        (?, ?, ?, ?, ?, ?, ?, ?, ?, default)
2025-06-23T23:03:43.196-02:30 DEBUG 44673 --- [tech-support-server] [           main] org.hibernate.SQL                        : 
    insert 
    into
        tickets
        (technician_id, client_id, created_at, description, due_at, service_type, status, id) 
    values
        (?, ?, ?, ?, ?, ?, ?, default)
Hibernate: 
    insert 
    into
        tickets
        (technician_id, client_id, created_at, description, due_at, service_type, status, id) 
    values
        (?, ?, ?, ?, ?, ?, ?, default)
2025-06-23T23:03:43.197-02:30 DEBUG 44673 --- [tech-support-server] [           main] org.hibernate.SQL                        : 
    insert 
    into
        clients
        (address, created_at, email, first_name, last_name, notes, phone, status, updated_at, id) 
    values
        (?, ?, ?, ?, ?, ?, ?, ?, ?, default)
Hibernate: 
    insert 
    into
        clients
        (address, created_at, email, first_name, last_name, notes, phone, status, updated_at, id) 
    values
        (?, ?, ?, ?, ?, ?, ?, ?, ?, default)
2025-06-23T23:03:43.197-02:30 DEBUG 44673 --- [tech-support-server] [           main] org.hibernate.SQL                        : 
    insert 
    into
        tickets
        (technician_id, client_id, created_at, description, due_at, service_type, status, id) 
    values
        (?, ?, ?, ?, ?, ?, ?, default)
Hibernate: 
    insert 
    into
        tickets
        (technician_id, client_id, created_at, description, due_at, service_type, status, id) 
    values
        (?, ?, ?, ?, ?, ?, ?, default)
2025-06-23T23:03:43.198-02:30 DEBUG 44673 --- [tech-support-server] [           main] org.hibernate.SQL                        : 
    insert 
    into
        clients
        (address, created_at, email, first_name, last_name, notes, phone, status, updated_at, id) 
    values
        (?, ?, ?, ?, ?, ?, ?, ?, ?, default)
Hibernate: 
    insert 
    into
        clients
        (address, created_at, email, first_name, last_name, notes, phone, status, updated_at, id) 
    values
        (?, ?, ?, ?, ?, ?, ?, ?, ?, default)
2025-06-23T23:03:43.198-02:30 DEBUG 44673 --- [tech-support-server] [           main] org.hibernate.SQL                        : 
    insert 
    into
        tickets
        (technician_id, client_id, created_at, description, due_at, service_type, status, id) 
    values
        (?, ?, ?, ?, ?, ?, ?, default)
Hibernate: 
    insert 
    into
        tickets
        (technician_id, client_id, created_at, description, due_at, service_type, status, id) 
    values
        (?, ?, ?, ?, ?, ?, ?, default)
2025-06-23T23:03:43.200-02:30 DEBUG 44673 --- [tech-support-server] [           main] org.hibernate.SQL                        : 
    select
        t1_0.id,
        t1_0.technician_id,
        t1_0.client_id,
        t1_0.created_at,
        t1_0.description,
        t1_0.due_at,
        t1_0.service_type,
        t1_0.status 
    from
        tickets t1_0 
    where
        t1_0.status=? 
    order by
        t1_0.description 
    fetch
        first ? rows only
Hibernate: 
    select
        t1_0.id,
        t1_0.technician_id,
        t1_0.client_id,
        t1_0.created_at,
        t1_0.description,
        t1_0.due_at,
        t1_0.service_type,
        t1_0.status 
    from
        tickets t1_0 
    where
        t1_0.status=? 
    order by
        t1_0.description 
    fetch
        first ? rows only
2025-06-23T23:03:43.202-02:30 DEBUG 44673 --- [tech-support-server] [           main] org.hibernate.SQL                        : 
    select
        count(t1_0.id) 
    from
        tickets t1_0 
    where
        t1_0.status=?
Hibernate: 
    select
        count(t1_0.id) 
    from
        tickets t1_0 
    where
        t1_0.status=?
]]></system-out>
  </testcase>
  <testcase name="shouldHandleSortingByDueDateDescending" classname="com.localtechsupport.repository.TicketRepositoryTest$PaginationTests" time="0.025">
    <system-out><![CDATA[2025-06-23T23:03:43.208-02:30 DEBUG 44673 --- [tech-support-server] [           main] org.hibernate.SQL                        : 
    DELETE 
    FROM
        ticket_history
Hibernate: 
    DELETE 
    FROM
        ticket_history
2025-06-23T23:03:43.209-02:30 DEBUG 44673 --- [tech-support-server] [           main] org.hibernate.SQL                        : 
    DELETE 
    FROM
        feedback_entries
Hibernate: 
    DELETE 
    FROM
        feedback_entries
2025-06-23T23:03:43.209-02:30 DEBUG 44673 --- [tech-support-server] [           main] org.hibernate.SQL                        : 
    DELETE 
    FROM
        appointments
Hibernate: 
    DELETE 
    FROM
        appointments
2025-06-23T23:03:43.209-02:30 DEBUG 44673 --- [tech-support-server] [           main] org.hibernate.SQL                        : 
    DELETE 
    FROM
        tickets
Hibernate: 
    DELETE 
    FROM
        tickets
2025-06-23T23:03:43.209-02:30 DEBUG 44673 --- [tech-support-server] [           main] org.hibernate.SQL                        : 
    DELETE 
    FROM
        technician_skills
Hibernate: 
    DELETE 
    FROM
        technician_skills
2025-06-23T23:03:43.209-02:30 DEBUG 44673 --- [tech-support-server] [           main] org.hibernate.SQL                        : 
    DELETE 
    FROM
        technicians
Hibernate: 
    DELETE 
    FROM
        technicians
2025-06-23T23:03:43.209-02:30 DEBUG 44673 --- [tech-support-server] [           main] org.hibernate.SQL                        : 
    DELETE 
    FROM
        clients
Hibernate: 
    DELETE 
    FROM
        clients
2025-06-23T23:03:43.210-02:30 DEBUG 44673 --- [tech-support-server] [           main] org.hibernate.SQL                        : 
    ALTER TABLE ticket_history ALTER COLUMN id RESTART WITH 1
Hibernate: 
    ALTER TABLE ticket_history ALTER COLUMN id RESTART WITH 1
2025-06-23T23:03:43.210-02:30 DEBUG 44673 --- [tech-support-server] [           main] org.hibernate.SQL                        : 
    ALTER TABLE feedback_entries ALTER COLUMN id RESTART WITH 1
Hibernate: 
    ALTER TABLE feedback_entries ALTER COLUMN id RESTART WITH 1
2025-06-23T23:03:43.210-02:30 DEBUG 44673 --- [tech-support-server] [           main] org.hibernate.SQL                        : 
    ALTER TABLE appointments ALTER COLUMN id RESTART WITH 1
Hibernate: 
    ALTER TABLE appointments ALTER COLUMN id RESTART WITH 1
2025-06-23T23:03:43.210-02:30 DEBUG 44673 --- [tech-support-server] [           main] org.hibernate.SQL                        : 
    ALTER TABLE tickets ALTER COLUMN id RESTART WITH 1
Hibernate: 
    ALTER TABLE tickets ALTER COLUMN id RESTART WITH 1
2025-06-23T23:03:43.210-02:30 DEBUG 44673 --- [tech-support-server] [           main] org.hibernate.SQL                        : 
    ALTER TABLE technician_skills ALTER COLUMN id RESTART WITH 1
Hibernate: 
    ALTER TABLE technician_skills ALTER COLUMN id RESTART WITH 1
2025-06-23T23:03:43.211-02:30 DEBUG 44673 --- [tech-support-server] [           main] org.hibernate.SQL                        : 
    ALTER TABLE technicians ALTER COLUMN id RESTART WITH 1
Hibernate: 
    ALTER TABLE technicians ALTER COLUMN id RESTART WITH 1
2025-06-23T23:03:43.211-02:30 DEBUG 44673 --- [tech-support-server] [           main] org.hibernate.SQL                        : 
    ALTER TABLE clients ALTER COLUMN id RESTART WITH 1
Hibernate: 
    ALTER TABLE clients ALTER COLUMN id RESTART WITH 1
2025-06-23T23:03:43.212-02:30 DEBUG 44673 --- [tech-support-server] [           main] org.hibernate.SQL                        : 
    insert 
    into
        clients
        (address, created_at, email, first_name, last_name, notes, phone, status, updated_at, id) 
    values
        (?, ?, ?, ?, ?, ?, ?, ?, ?, default)
Hibernate: 
    insert 
    into
        clients
        (address, created_at, email, first_name, last_name, notes, phone, status, updated_at, id) 
    values
        (?, ?, ?, ?, ?, ?, ?, ?, ?, default)
2025-06-23T23:03:43.212-02:30 DEBUG 44673 --- [tech-support-server] [           main] org.hibernate.SQL                        : 
    insert 
    into
        tickets
        (technician_id, client_id, created_at, description, due_at, service_type, status, id) 
    values
        (?, ?, ?, ?, ?, ?, ?, default)
Hibernate: 
    insert 
    into
        tickets
        (technician_id, client_id, created_at, description, due_at, service_type, status, id) 
    values
        (?, ?, ?, ?, ?, ?, ?, default)
2025-06-23T23:03:43.213-02:30 DEBUG 44673 --- [tech-support-server] [           main] org.hibernate.SQL                        : 
    insert 
    into
        clients
        (address, created_at, email, first_name, last_name, notes, phone, status, updated_at, id) 
    values
        (?, ?, ?, ?, ?, ?, ?, ?, ?, default)
Hibernate: 
    insert 
    into
        clients
        (address, created_at, email, first_name, last_name, notes, phone, status, updated_at, id) 
    values
        (?, ?, ?, ?, ?, ?, ?, ?, ?, default)
2025-06-23T23:03:43.215-02:30 DEBUG 44673 --- [tech-support-server] [           main] org.hibernate.SQL                        : 
    insert 
    into
        tickets
        (technician_id, client_id, created_at, description, due_at, service_type, status, id) 
    values
        (?, ?, ?, ?, ?, ?, ?, default)
Hibernate: 
    insert 
    into
        tickets
        (technician_id, client_id, created_at, description, due_at, service_type, status, id) 
    values
        (?, ?, ?, ?, ?, ?, ?, default)
2025-06-23T23:03:43.216-02:30 DEBUG 44673 --- [tech-support-server] [           main] org.hibernate.SQL                        : 
    insert 
    into
        clients
        (address, created_at, email, first_name, last_name, notes, phone, status, updated_at, id) 
    values
        (?, ?, ?, ?, ?, ?, ?, ?, ?, default)
Hibernate: 
    insert 
    into
        clients
        (address, created_at, email, first_name, last_name, notes, phone, status, updated_at, id) 
    values
        (?, ?, ?, ?, ?, ?, ?, ?, ?, default)
2025-06-23T23:03:43.217-02:30 DEBUG 44673 --- [tech-support-server] [           main] org.hibernate.SQL                        : 
    insert 
    into
        tickets
        (technician_id, client_id, created_at, description, due_at, service_type, status, id) 
    values
        (?, ?, ?, ?, ?, ?, ?, default)
Hibernate: 
    insert 
    into
        tickets
        (technician_id, client_id, created_at, description, due_at, service_type, status, id) 
    values
        (?, ?, ?, ?, ?, ?, ?, default)
2025-06-23T23:03:43.217-02:30 DEBUG 44673 --- [tech-support-server] [           main] org.hibernate.SQL                        : 
    insert 
    into
        clients
        (address, created_at, email, first_name, last_name, notes, phone, status, updated_at, id) 
    values
        (?, ?, ?, ?, ?, ?, ?, ?, ?, default)
Hibernate: 
    insert 
    into
        clients
        (address, created_at, email, first_name, last_name, notes, phone, status, updated_at, id) 
    values
        (?, ?, ?, ?, ?, ?, ?, ?, ?, default)
2025-06-23T23:03:43.218-02:30 DEBUG 44673 --- [tech-support-server] [           main] org.hibernate.SQL                        : 
    insert 
    into
        tickets
        (technician_id, client_id, created_at, description, due_at, service_type, status, id) 
    values
        (?, ?, ?, ?, ?, ?, ?, default)
Hibernate: 
    insert 
    into
        tickets
        (technician_id, client_id, created_at, description, due_at, service_type, status, id) 
    values
        (?, ?, ?, ?, ?, ?, ?, default)
2025-06-23T23:03:43.218-02:30 DEBUG 44673 --- [tech-support-server] [           main] org.hibernate.SQL                        : 
    insert 
    into
        clients
        (address, created_at, email, first_name, last_name, notes, phone, status, updated_at, id) 
    values
        (?, ?, ?, ?, ?, ?, ?, ?, ?, default)
Hibernate: 
    insert 
    into
        clients
        (address, created_at, email, first_name, last_name, notes, phone, status, updated_at, id) 
    values
        (?, ?, ?, ?, ?, ?, ?, ?, ?, default)
2025-06-23T23:03:43.219-02:30 DEBUG 44673 --- [tech-support-server] [           main] org.hibernate.SQL                        : 
    insert 
    into
        tickets
        (technician_id, client_id, created_at, description, due_at, service_type, status, id) 
    values
        (?, ?, ?, ?, ?, ?, ?, default)
Hibernate: 
    insert 
    into
        tickets
        (technician_id, client_id, created_at, description, due_at, service_type, status, id) 
    values
        (?, ?, ?, ?, ?, ?, ?, default)
2025-06-23T23:03:43.220-02:30 DEBUG 44673 --- [tech-support-server] [           main] org.hibernate.SQL                        : 
    insert 
    into
        clients
        (address, created_at, email, first_name, last_name, notes, phone, status, updated_at, id) 
    values
        (?, ?, ?, ?, ?, ?, ?, ?, ?, default)
Hibernate: 
    insert 
    into
        clients
        (address, created_at, email, first_name, last_name, notes, phone, status, updated_at, id) 
    values
        (?, ?, ?, ?, ?, ?, ?, ?, ?, default)
2025-06-23T23:03:43.221-02:30 DEBUG 44673 --- [tech-support-server] [           main] org.hibernate.SQL                        : 
    insert 
    into
        tickets
        (technician_id, client_id, created_at, description, due_at, service_type, status, id) 
    values
        (?, ?, ?, ?, ?, ?, ?, default)
Hibernate: 
    insert 
    into
        tickets
        (technician_id, client_id, created_at, description, due_at, service_type, status, id) 
    values
        (?, ?, ?, ?, ?, ?, ?, default)
2025-06-23T23:03:43.222-02:30 DEBUG 44673 --- [tech-support-server] [           main] org.hibernate.SQL                        : 
    insert 
    into
        clients
        (address, created_at, email, first_name, last_name, notes, phone, status, updated_at, id) 
    values
        (?, ?, ?, ?, ?, ?, ?, ?, ?, default)
Hibernate: 
    insert 
    into
        clients
        (address, created_at, email, first_name, last_name, notes, phone, status, updated_at, id) 
    values
        (?, ?, ?, ?, ?, ?, ?, ?, ?, default)
2025-06-23T23:03:43.222-02:30 DEBUG 44673 --- [tech-support-server] [           main] org.hibernate.SQL                        : 
    insert 
    into
        tickets
        (technician_id, client_id, created_at, description, due_at, service_type, status, id) 
    values
        (?, ?, ?, ?, ?, ?, ?, default)
Hibernate: 
    insert 
    into
        tickets
        (technician_id, client_id, created_at, description, due_at, service_type, status, id) 
    values
        (?, ?, ?, ?, ?, ?, ?, default)
2025-06-23T23:03:43.223-02:30 DEBUG 44673 --- [tech-support-server] [           main] org.hibernate.SQL                        : 
    insert 
    into
        clients
        (address, created_at, email, first_name, last_name, notes, phone, status, updated_at, id) 
    values
        (?, ?, ?, ?, ?, ?, ?, ?, ?, default)
Hibernate: 
    insert 
    into
        clients
        (address, created_at, email, first_name, last_name, notes, phone, status, updated_at, id) 
    values
        (?, ?, ?, ?, ?, ?, ?, ?, ?, default)
2025-06-23T23:03:43.224-02:30 DEBUG 44673 --- [tech-support-server] [           main] org.hibernate.SQL                        : 
    insert 
    into
        tickets
        (technician_id, client_id, created_at, description, due_at, service_type, status, id) 
    values
        (?, ?, ?, ?, ?, ?, ?, default)
Hibernate: 
    insert 
    into
        tickets
        (technician_id, client_id, created_at, description, due_at, service_type, status, id) 
    values
        (?, ?, ?, ?, ?, ?, ?, default)
2025-06-23T23:03:43.224-02:30 DEBUG 44673 --- [tech-support-server] [           main] org.hibernate.SQL                        : 
    insert 
    into
        clients
        (address, created_at, email, first_name, last_name, notes, phone, status, updated_at, id) 
    values
        (?, ?, ?, ?, ?, ?, ?, ?, ?, default)
Hibernate: 
    insert 
    into
        clients
        (address, created_at, email, first_name, last_name, notes, phone, status, updated_at, id) 
    values
        (?, ?, ?, ?, ?, ?, ?, ?, ?, default)
2025-06-23T23:03:43.224-02:30 DEBUG 44673 --- [tech-support-server] [           main] org.hibernate.SQL                        : 
    insert 
    into
        tickets
        (technician_id, client_id, created_at, description, due_at, service_type, status, id) 
    values
        (?, ?, ?, ?, ?, ?, ?, default)
Hibernate: 
    insert 
    into
        tickets
        (technician_id, client_id, created_at, description, due_at, service_type, status, id) 
    values
        (?, ?, ?, ?, ?, ?, ?, default)
2025-06-23T23:03:43.225-02:30 DEBUG 44673 --- [tech-support-server] [           main] org.hibernate.SQL                        : 
    insert 
    into
        clients
        (address, created_at, email, first_name, last_name, notes, phone, status, updated_at, id) 
    values
        (?, ?, ?, ?, ?, ?, ?, ?, ?, default)
Hibernate: 
    insert 
    into
        clients
        (address, created_at, email, first_name, last_name, notes, phone, status, updated_at, id) 
    values
        (?, ?, ?, ?, ?, ?, ?, ?, ?, default)
2025-06-23T23:03:43.226-02:30 DEBUG 44673 --- [tech-support-server] [           main] org.hibernate.SQL                        : 
    insert 
    into
        tickets
        (technician_id, client_id, created_at, description, due_at, service_type, status, id) 
    values
        (?, ?, ?, ?, ?, ?, ?, default)
Hibernate: 
    insert 
    into
        tickets
        (technician_id, client_id, created_at, description, due_at, service_type, status, id) 
    values
        (?, ?, ?, ?, ?, ?, ?, default)
2025-06-23T23:03:43.228-02:30 DEBUG 44673 --- [tech-support-server] [           main] org.hibernate.SQL                        : 
    select
        t1_0.id,
        t1_0.technician_id,
        t1_0.client_id,
        t1_0.created_at,
        t1_0.description,
        t1_0.due_at,
        t1_0.service_type,
        t1_0.status 
    from
        tickets t1_0 
    where
        t1_0.status=? 
    order by
        t1_0.due_at desc 
    fetch
        first ? rows only
Hibernate: 
    select
        t1_0.id,
        t1_0.technician_id,
        t1_0.client_id,
        t1_0.created_at,
        t1_0.description,
        t1_0.due_at,
        t1_0.service_type,
        t1_0.status 
    from
        tickets t1_0 
    where
        t1_0.status=? 
    order by
        t1_0.due_at desc 
    fetch
        first ? rows only
2025-06-23T23:03:43.230-02:30 DEBUG 44673 --- [tech-support-server] [           main] org.hibernate.SQL                        : 
    select
        count(t1_0.id) 
    from
        tickets t1_0 
    where
        t1_0.status=?
Hibernate: 
    select
        count(t1_0.id) 
    from
        tickets t1_0 
    where
        t1_0.status=?
]]></system-out>
  </testcase>
  <testcase name="shouldHandleMiddlePageCorrectly" classname="com.localtechsupport.repository.TicketRepositoryTest$PaginationTests" time="0.019">
    <system-out><![CDATA[2025-06-23T23:03:43.235-02:30 DEBUG 44673 --- [tech-support-server] [           main] org.hibernate.SQL                        : 
    DELETE 
    FROM
        ticket_history
Hibernate: 
    DELETE 
    FROM
        ticket_history
2025-06-23T23:03:43.236-02:30 DEBUG 44673 --- [tech-support-server] [           main] org.hibernate.SQL                        : 
    DELETE 
    FROM
        feedback_entries
Hibernate: 
    DELETE 
    FROM
        feedback_entries
2025-06-23T23:03:43.236-02:30 DEBUG 44673 --- [tech-support-server] [           main] org.hibernate.SQL                        : 
    DELETE 
    FROM
        appointments
Hibernate: 
    DELETE 
    FROM
        appointments
2025-06-23T23:03:43.236-02:30 DEBUG 44673 --- [tech-support-server] [           main] org.hibernate.SQL                        : 
    DELETE 
    FROM
        tickets
Hibernate: 
    DELETE 
    FROM
        tickets
2025-06-23T23:03:43.236-02:30 DEBUG 44673 --- [tech-support-server] [           main] org.hibernate.SQL                        : 
    DELETE 
    FROM
        technician_skills
Hibernate: 
    DELETE 
    FROM
        technician_skills
2025-06-23T23:03:43.237-02:30 DEBUG 44673 --- [tech-support-server] [           main] org.hibernate.SQL                        : 
    DELETE 
    FROM
        technicians
Hibernate: 
    DELETE 
    FROM
        technicians
2025-06-23T23:03:43.237-02:30 DEBUG 44673 --- [tech-support-server] [           main] org.hibernate.SQL                        : 
    DELETE 
    FROM
        clients
Hibernate: 
    DELETE 
    FROM
        clients
2025-06-23T23:03:43.237-02:30 DEBUG 44673 --- [tech-support-server] [           main] org.hibernate.SQL                        : 
    ALTER TABLE ticket_history ALTER COLUMN id RESTART WITH 1
Hibernate: 
    ALTER TABLE ticket_history ALTER COLUMN id RESTART WITH 1
2025-06-23T23:03:43.238-02:30 DEBUG 44673 --- [tech-support-server] [           main] org.hibernate.SQL                        : 
    ALTER TABLE feedback_entries ALTER COLUMN id RESTART WITH 1
Hibernate: 
    ALTER TABLE feedback_entries ALTER COLUMN id RESTART WITH 1
2025-06-23T23:03:43.238-02:30 DEBUG 44673 --- [tech-support-server] [           main] org.hibernate.SQL                        : 
    ALTER TABLE appointments ALTER COLUMN id RESTART WITH 1
Hibernate: 
    ALTER TABLE appointments ALTER COLUMN id RESTART WITH 1
2025-06-23T23:03:43.238-02:30 DEBUG 44673 --- [tech-support-server] [           main] org.hibernate.SQL                        : 
    ALTER TABLE tickets ALTER COLUMN id RESTART WITH 1
Hibernate: 
    ALTER TABLE tickets ALTER COLUMN id RESTART WITH 1
2025-06-23T23:03:43.238-02:30 DEBUG 44673 --- [tech-support-server] [           main] org.hibernate.SQL                        : 
    ALTER TABLE technician_skills ALTER COLUMN id RESTART WITH 1
Hibernate: 
    ALTER TABLE technician_skills ALTER COLUMN id RESTART WITH 1
2025-06-23T23:03:43.238-02:30 DEBUG 44673 --- [tech-support-server] [           main] org.hibernate.SQL                        : 
    ALTER TABLE technicians ALTER COLUMN id RESTART WITH 1
Hibernate: 
    ALTER TABLE technicians ALTER COLUMN id RESTART WITH 1
2025-06-23T23:03:43.238-02:30 DEBUG 44673 --- [tech-support-server] [           main] org.hibernate.SQL                        : 
    ALTER TABLE clients ALTER COLUMN id RESTART WITH 1
Hibernate: 
    ALTER TABLE clients ALTER COLUMN id RESTART WITH 1
2025-06-23T23:03:43.240-02:30 DEBUG 44673 --- [tech-support-server] [           main] org.hibernate.SQL                        : 
    insert 
    into
        clients
        (address, created_at, email, first_name, last_name, notes, phone, status, updated_at, id) 
    values
        (?, ?, ?, ?, ?, ?, ?, ?, ?, default)
Hibernate: 
    insert 
    into
        clients
        (address, created_at, email, first_name, last_name, notes, phone, status, updated_at, id) 
    values
        (?, ?, ?, ?, ?, ?, ?, ?, ?, default)
2025-06-23T23:03:43.241-02:30 DEBUG 44673 --- [tech-support-server] [           main] org.hibernate.SQL                        : 
    insert 
    into
        tickets
        (technician_id, client_id, created_at, description, due_at, service_type, status, id) 
    values
        (?, ?, ?, ?, ?, ?, ?, default)
Hibernate: 
    insert 
    into
        tickets
        (technician_id, client_id, created_at, description, due_at, service_type, status, id) 
    values
        (?, ?, ?, ?, ?, ?, ?, default)
2025-06-23T23:03:43.241-02:30 DEBUG 44673 --- [tech-support-server] [           main] org.hibernate.SQL                        : 
    insert 
    into
        clients
        (address, created_at, email, first_name, last_name, notes, phone, status, updated_at, id) 
    values
        (?, ?, ?, ?, ?, ?, ?, ?, ?, default)
Hibernate: 
    insert 
    into
        clients
        (address, created_at, email, first_name, last_name, notes, phone, status, updated_at, id) 
    values
        (?, ?, ?, ?, ?, ?, ?, ?, ?, default)
2025-06-23T23:03:43.242-02:30 DEBUG 44673 --- [tech-support-server] [           main] org.hibernate.SQL                        : 
    insert 
    into
        tickets
        (technician_id, client_id, created_at, description, due_at, service_type, status, id) 
    values
        (?, ?, ?, ?, ?, ?, ?, default)
Hibernate: 
    insert 
    into
        tickets
        (technician_id, client_id, created_at, description, due_at, service_type, status, id) 
    values
        (?, ?, ?, ?, ?, ?, ?, default)
2025-06-23T23:03:43.242-02:30 DEBUG 44673 --- [tech-support-server] [           main] org.hibernate.SQL                        : 
    insert 
    into
        clients
        (address, created_at, email, first_name, last_name, notes, phone, status, updated_at, id) 
    values
        (?, ?, ?, ?, ?, ?, ?, ?, ?, default)
Hibernate: 
    insert 
    into
        clients
        (address, created_at, email, first_name, last_name, notes, phone, status, updated_at, id) 
    values
        (?, ?, ?, ?, ?, ?, ?, ?, ?, default)
2025-06-23T23:03:43.242-02:30 DEBUG 44673 --- [tech-support-server] [           main] org.hibernate.SQL                        : 
    insert 
    into
        tickets
        (technician_id, client_id, created_at, description, due_at, service_type, status, id) 
    values
        (?, ?, ?, ?, ?, ?, ?, default)
Hibernate: 
    insert 
    into
        tickets
        (technician_id, client_id, created_at, description, due_at, service_type, status, id) 
    values
        (?, ?, ?, ?, ?, ?, ?, default)
2025-06-23T23:03:43.243-02:30 DEBUG 44673 --- [tech-support-server] [           main] org.hibernate.SQL                        : 
    insert 
    into
        clients
        (address, created_at, email, first_name, last_name, notes, phone, status, updated_at, id) 
    values
        (?, ?, ?, ?, ?, ?, ?, ?, ?, default)
Hibernate: 
    insert 
    into
        clients
        (address, created_at, email, first_name, last_name, notes, phone, status, updated_at, id) 
    values
        (?, ?, ?, ?, ?, ?, ?, ?, ?, default)
2025-06-23T23:03:43.243-02:30 DEBUG 44673 --- [tech-support-server] [           main] org.hibernate.SQL                        : 
    insert 
    into
        tickets
        (technician_id, client_id, created_at, description, due_at, service_type, status, id) 
    values
        (?, ?, ?, ?, ?, ?, ?, default)
Hibernate: 
    insert 
    into
        tickets
        (technician_id, client_id, created_at, description, due_at, service_type, status, id) 
    values
        (?, ?, ?, ?, ?, ?, ?, default)
2025-06-23T23:03:43.243-02:30 DEBUG 44673 --- [tech-support-server] [           main] org.hibernate.SQL                        : 
    insert 
    into
        clients
        (address, created_at, email, first_name, last_name, notes, phone, status, updated_at, id) 
    values
        (?, ?, ?, ?, ?, ?, ?, ?, ?, default)
Hibernate: 
    insert 
    into
        clients
        (address, created_at, email, first_name, last_name, notes, phone, status, updated_at, id) 
    values
        (?, ?, ?, ?, ?, ?, ?, ?, ?, default)
2025-06-23T23:03:43.244-02:30 DEBUG 44673 --- [tech-support-server] [           main] org.hibernate.SQL                        : 
    insert 
    into
        tickets
        (technician_id, client_id, created_at, description, due_at, service_type, status, id) 
    values
        (?, ?, ?, ?, ?, ?, ?, default)
Hibernate: 
    insert 
    into
        tickets
        (technician_id, client_id, created_at, description, due_at, service_type, status, id) 
    values
        (?, ?, ?, ?, ?, ?, ?, default)
2025-06-23T23:03:43.244-02:30 DEBUG 44673 --- [tech-support-server] [           main] org.hibernate.SQL                        : 
    insert 
    into
        clients
        (address, created_at, email, first_name, last_name, notes, phone, status, updated_at, id) 
    values
        (?, ?, ?, ?, ?, ?, ?, ?, ?, default)
Hibernate: 
    insert 
    into
        clients
        (address, created_at, email, first_name, last_name, notes, phone, status, updated_at, id) 
    values
        (?, ?, ?, ?, ?, ?, ?, ?, ?, default)
2025-06-23T23:03:43.244-02:30 DEBUG 44673 --- [tech-support-server] [           main] org.hibernate.SQL                        : 
    insert 
    into
        tickets
        (technician_id, client_id, created_at, description, due_at, service_type, status, id) 
    values
        (?, ?, ?, ?, ?, ?, ?, default)
Hibernate: 
    insert 
    into
        tickets
        (technician_id, client_id, created_at, description, due_at, service_type, status, id) 
    values
        (?, ?, ?, ?, ?, ?, ?, default)
2025-06-23T23:03:43.245-02:30 DEBUG 44673 --- [tech-support-server] [           main] org.hibernate.SQL                        : 
    insert 
    into
        clients
        (address, created_at, email, first_name, last_name, notes, phone, status, updated_at, id) 
    values
        (?, ?, ?, ?, ?, ?, ?, ?, ?, default)
Hibernate: 
    insert 
    into
        clients
        (address, created_at, email, first_name, last_name, notes, phone, status, updated_at, id) 
    values
        (?, ?, ?, ?, ?, ?, ?, ?, ?, default)
2025-06-23T23:03:43.245-02:30 DEBUG 44673 --- [tech-support-server] [           main] org.hibernate.SQL                        : 
    insert 
    into
        tickets
        (technician_id, client_id, created_at, description, due_at, service_type, status, id) 
    values
        (?, ?, ?, ?, ?, ?, ?, default)
Hibernate: 
    insert 
    into
        tickets
        (technician_id, client_id, created_at, description, due_at, service_type, status, id) 
    values
        (?, ?, ?, ?, ?, ?, ?, default)
2025-06-23T23:03:43.246-02:30 DEBUG 44673 --- [tech-support-server] [           main] org.hibernate.SQL                        : 
    insert 
    into
        clients
        (address, created_at, email, first_name, last_name, notes, phone, status, updated_at, id) 
    values
        (?, ?, ?, ?, ?, ?, ?, ?, ?, default)
Hibernate: 
    insert 
    into
        clients
        (address, created_at, email, first_name, last_name, notes, phone, status, updated_at, id) 
    values
        (?, ?, ?, ?, ?, ?, ?, ?, ?, default)
2025-06-23T23:03:43.246-02:30 DEBUG 44673 --- [tech-support-server] [           main] org.hibernate.SQL                        : 
    insert 
    into
        tickets
        (technician_id, client_id, created_at, description, due_at, service_type, status, id) 
    values
        (?, ?, ?, ?, ?, ?, ?, default)
Hibernate: 
    insert 
    into
        tickets
        (technician_id, client_id, created_at, description, due_at, service_type, status, id) 
    values
        (?, ?, ?, ?, ?, ?, ?, default)
2025-06-23T23:03:43.246-02:30 DEBUG 44673 --- [tech-support-server] [           main] org.hibernate.SQL                        : 
    insert 
    into
        clients
        (address, created_at, email, first_name, last_name, notes, phone, status, updated_at, id) 
    values
        (?, ?, ?, ?, ?, ?, ?, ?, ?, default)
Hibernate: 
    insert 
    into
        clients
        (address, created_at, email, first_name, last_name, notes, phone, status, updated_at, id) 
    values
        (?, ?, ?, ?, ?, ?, ?, ?, ?, default)
2025-06-23T23:03:43.247-02:30 DEBUG 44673 --- [tech-support-server] [           main] org.hibernate.SQL                        : 
    insert 
    into
        tickets
        (technician_id, client_id, created_at, description, due_at, service_type, status, id) 
    values
        (?, ?, ?, ?, ?, ?, ?, default)
Hibernate: 
    insert 
    into
        tickets
        (technician_id, client_id, created_at, description, due_at, service_type, status, id) 
    values
        (?, ?, ?, ?, ?, ?, ?, default)
2025-06-23T23:03:43.247-02:30 DEBUG 44673 --- [tech-support-server] [           main] org.hibernate.SQL                        : 
    insert 
    into
        clients
        (address, created_at, email, first_name, last_name, notes, phone, status, updated_at, id) 
    values
        (?, ?, ?, ?, ?, ?, ?, ?, ?, default)
Hibernate: 
    insert 
    into
        clients
        (address, created_at, email, first_name, last_name, notes, phone, status, updated_at, id) 
    values
        (?, ?, ?, ?, ?, ?, ?, ?, ?, default)
2025-06-23T23:03:43.247-02:30 DEBUG 44673 --- [tech-support-server] [           main] org.hibernate.SQL                        : 
    insert 
    into
        tickets
        (technician_id, client_id, created_at, description, due_at, service_type, status, id) 
    values
        (?, ?, ?, ?, ?, ?, ?, default)
Hibernate: 
    insert 
    into
        tickets
        (technician_id, client_id, created_at, description, due_at, service_type, status, id) 
    values
        (?, ?, ?, ?, ?, ?, ?, default)
2025-06-23T23:03:43.249-02:30 DEBUG 44673 --- [tech-support-server] [           main] org.hibernate.SQL                        : 
    select
        t1_0.id,
        t1_0.technician_id,
        t1_0.client_id,
        t1_0.created_at,
        t1_0.description,
        t1_0.due_at,
        t1_0.service_type,
        t1_0.status 
    from
        tickets t1_0 
    where
        t1_0.status=? 
    offset
        ? rows 
    fetch
        first ? rows only
Hibernate: 
    select
        t1_0.id,
        t1_0.technician_id,
        t1_0.client_id,
        t1_0.created_at,
        t1_0.description,
        t1_0.due_at,
        t1_0.service_type,
        t1_0.status 
    from
        tickets t1_0 
    where
        t1_0.status=? 
    offset
        ? rows 
    fetch
        first ? rows only
2025-06-23T23:03:43.250-02:30 DEBUG 44673 --- [tech-support-server] [           main] org.hibernate.SQL                        : 
    select
        count(t1_0.id) 
    from
        tickets t1_0 
    where
        t1_0.status=?
Hibernate: 
    select
        count(t1_0.id) 
    from
        tickets t1_0 
    where
        t1_0.status=?
]]></system-out>
  </testcase>
  <testcase name="shouldHandleLastPageCorrectly" classname="com.localtechsupport.repository.TicketRepositoryTest$PaginationTests" time="0.016">
    <system-out><![CDATA[2025-06-23T23:03:43.255-02:30 DEBUG 44673 --- [tech-support-server] [           main] org.hibernate.SQL                        : 
    DELETE 
    FROM
        ticket_history
Hibernate: 
    DELETE 
    FROM
        ticket_history
2025-06-23T23:03:43.256-02:30 DEBUG 44673 --- [tech-support-server] [           main] org.hibernate.SQL                        : 
    DELETE 
    FROM
        feedback_entries
Hibernate: 
    DELETE 
    FROM
        feedback_entries
2025-06-23T23:03:43.256-02:30 DEBUG 44673 --- [tech-support-server] [           main] org.hibernate.SQL                        : 
    DELETE 
    FROM
        appointments
Hibernate: 
    DELETE 
    FROM
        appointments
2025-06-23T23:03:43.256-02:30 DEBUG 44673 --- [tech-support-server] [           main] org.hibernate.SQL                        : 
    DELETE 
    FROM
        tickets
Hibernate: 
    DELETE 
    FROM
        tickets
2025-06-23T23:03:43.256-02:30 DEBUG 44673 --- [tech-support-server] [           main] org.hibernate.SQL                        : 
    DELETE 
    FROM
        technician_skills
Hibernate: 
    DELETE 
    FROM
        technician_skills
2025-06-23T23:03:43.256-02:30 DEBUG 44673 --- [tech-support-server] [           main] org.hibernate.SQL                        : 
    DELETE 
    FROM
        technicians
Hibernate: 
    DELETE 
    FROM
        technicians
2025-06-23T23:03:43.256-02:30 DEBUG 44673 --- [tech-support-server] [           main] org.hibernate.SQL                        : 
    DELETE 
    FROM
        clients
Hibernate: 
    DELETE 
    FROM
        clients
2025-06-23T23:03:43.256-02:30 DEBUG 44673 --- [tech-support-server] [           main] org.hibernate.SQL                        : 
    ALTER TABLE ticket_history ALTER COLUMN id RESTART WITH 1
Hibernate: 
    ALTER TABLE ticket_history ALTER COLUMN id RESTART WITH 1
2025-06-23T23:03:43.256-02:30 DEBUG 44673 --- [tech-support-server] [           main] org.hibernate.SQL                        : 
    ALTER TABLE feedback_entries ALTER COLUMN id RESTART WITH 1
Hibernate: 
    ALTER TABLE feedback_entries ALTER COLUMN id RESTART WITH 1
2025-06-23T23:03:43.257-02:30 DEBUG 44673 --- [tech-support-server] [           main] org.hibernate.SQL                        : 
    ALTER TABLE appointments ALTER COLUMN id RESTART WITH 1
Hibernate: 
    ALTER TABLE appointments ALTER COLUMN id RESTART WITH 1
2025-06-23T23:03:43.257-02:30 DEBUG 44673 --- [tech-support-server] [           main] org.hibernate.SQL                        : 
    ALTER TABLE tickets ALTER COLUMN id RESTART WITH 1
Hibernate: 
    ALTER TABLE tickets ALTER COLUMN id RESTART WITH 1
2025-06-23T23:03:43.257-02:30 DEBUG 44673 --- [tech-support-server] [           main] org.hibernate.SQL                        : 
    ALTER TABLE technician_skills ALTER COLUMN id RESTART WITH 1
Hibernate: 
    ALTER TABLE technician_skills ALTER COLUMN id RESTART WITH 1
2025-06-23T23:03:43.257-02:30 DEBUG 44673 --- [tech-support-server] [           main] org.hibernate.SQL                        : 
    ALTER TABLE technicians ALTER COLUMN id RESTART WITH 1
Hibernate: 
    ALTER TABLE technicians ALTER COLUMN id RESTART WITH 1
2025-06-23T23:03:43.257-02:30 DEBUG 44673 --- [tech-support-server] [           main] org.hibernate.SQL                        : 
    ALTER TABLE clients ALTER COLUMN id RESTART WITH 1
Hibernate: 
    ALTER TABLE clients ALTER COLUMN id RESTART WITH 1
2025-06-23T23:03:43.258-02:30 DEBUG 44673 --- [tech-support-server] [           main] org.hibernate.SQL                        : 
    insert 
    into
        clients
        (address, created_at, email, first_name, last_name, notes, phone, status, updated_at, id) 
    values
        (?, ?, ?, ?, ?, ?, ?, ?, ?, default)
Hibernate: 
    insert 
    into
        clients
        (address, created_at, email, first_name, last_name, notes, phone, status, updated_at, id) 
    values
        (?, ?, ?, ?, ?, ?, ?, ?, ?, default)
2025-06-23T23:03:43.259-02:30 DEBUG 44673 --- [tech-support-server] [           main] org.hibernate.SQL                        : 
    insert 
    into
        tickets
        (technician_id, client_id, created_at, description, due_at, service_type, status, id) 
    values
        (?, ?, ?, ?, ?, ?, ?, default)
Hibernate: 
    insert 
    into
        tickets
        (technician_id, client_id, created_at, description, due_at, service_type, status, id) 
    values
        (?, ?, ?, ?, ?, ?, ?, default)
2025-06-23T23:03:43.260-02:30 DEBUG 44673 --- [tech-support-server] [           main] org.hibernate.SQL                        : 
    insert 
    into
        clients
        (address, created_at, email, first_name, last_name, notes, phone, status, updated_at, id) 
    values
        (?, ?, ?, ?, ?, ?, ?, ?, ?, default)
Hibernate: 
    insert 
    into
        clients
        (address, created_at, email, first_name, last_name, notes, phone, status, updated_at, id) 
    values
        (?, ?, ?, ?, ?, ?, ?, ?, ?, default)
2025-06-23T23:03:43.260-02:30 DEBUG 44673 --- [tech-support-server] [           main] org.hibernate.SQL                        : 
    insert 
    into
        tickets
        (technician_id, client_id, created_at, description, due_at, service_type, status, id) 
    values
        (?, ?, ?, ?, ?, ?, ?, default)
Hibernate: 
    insert 
    into
        tickets
        (technician_id, client_id, created_at, description, due_at, service_type, status, id) 
    values
        (?, ?, ?, ?, ?, ?, ?, default)
2025-06-23T23:03:43.261-02:30 DEBUG 44673 --- [tech-support-server] [           main] org.hibernate.SQL                        : 
    insert 
    into
        clients
        (address, created_at, email, first_name, last_name, notes, phone, status, updated_at, id) 
    values
        (?, ?, ?, ?, ?, ?, ?, ?, ?, default)
Hibernate: 
    insert 
    into
        clients
        (address, created_at, email, first_name, last_name, notes, phone, status, updated_at, id) 
    values
        (?, ?, ?, ?, ?, ?, ?, ?, ?, default)
2025-06-23T23:03:43.261-02:30 DEBUG 44673 --- [tech-support-server] [           main] org.hibernate.SQL                        : 
    insert 
    into
        tickets
        (technician_id, client_id, created_at, description, due_at, service_type, status, id) 
    values
        (?, ?, ?, ?, ?, ?, ?, default)
Hibernate: 
    insert 
    into
        tickets
        (technician_id, client_id, created_at, description, due_at, service_type, status, id) 
    values
        (?, ?, ?, ?, ?, ?, ?, default)
2025-06-23T23:03:43.261-02:30 DEBUG 44673 --- [tech-support-server] [           main] org.hibernate.SQL                        : 
    insert 
    into
        clients
        (address, created_at, email, first_name, last_name, notes, phone, status, updated_at, id) 
    values
        (?, ?, ?, ?, ?, ?, ?, ?, ?, default)
Hibernate: 
    insert 
    into
        clients
        (address, created_at, email, first_name, last_name, notes, phone, status, updated_at, id) 
    values
        (?, ?, ?, ?, ?, ?, ?, ?, ?, default)
2025-06-23T23:03:43.262-02:30 DEBUG 44673 --- [tech-support-server] [           main] org.hibernate.SQL                        : 
    insert 
    into
        tickets
        (technician_id, client_id, created_at, description, due_at, service_type, status, id) 
    values
        (?, ?, ?, ?, ?, ?, ?, default)
Hibernate: 
    insert 
    into
        tickets
        (technician_id, client_id, created_at, description, due_at, service_type, status, id) 
    values
        (?, ?, ?, ?, ?, ?, ?, default)
2025-06-23T23:03:43.262-02:30 DEBUG 44673 --- [tech-support-server] [           main] org.hibernate.SQL                        : 
    insert 
    into
        clients
        (address, created_at, email, first_name, last_name, notes, phone, status, updated_at, id) 
    values
        (?, ?, ?, ?, ?, ?, ?, ?, ?, default)
Hibernate: 
    insert 
    into
        clients
        (address, created_at, email, first_name, last_name, notes, phone, status, updated_at, id) 
    values
        (?, ?, ?, ?, ?, ?, ?, ?, ?, default)
2025-06-23T23:03:43.262-02:30 DEBUG 44673 --- [tech-support-server] [           main] org.hibernate.SQL                        : 
    insert 
    into
        tickets
        (technician_id, client_id, created_at, description, due_at, service_type, status, id) 
    values
        (?, ?, ?, ?, ?, ?, ?, default)
Hibernate: 
    insert 
    into
        tickets
        (technician_id, client_id, created_at, description, due_at, service_type, status, id) 
    values
        (?, ?, ?, ?, ?, ?, ?, default)
2025-06-23T23:03:43.263-02:30 DEBUG 44673 --- [tech-support-server] [           main] org.hibernate.SQL                        : 
    insert 
    into
        clients
        (address, created_at, email, first_name, last_name, notes, phone, status, updated_at, id) 
    values
        (?, ?, ?, ?, ?, ?, ?, ?, ?, default)
Hibernate: 
    insert 
    into
        clients
        (address, created_at, email, first_name, last_name, notes, phone, status, updated_at, id) 
    values
        (?, ?, ?, ?, ?, ?, ?, ?, ?, default)
2025-06-23T23:03:43.263-02:30 DEBUG 44673 --- [tech-support-server] [           main] org.hibernate.SQL                        : 
    insert 
    into
        tickets
        (technician_id, client_id, created_at, description, due_at, service_type, status, id) 
    values
        (?, ?, ?, ?, ?, ?, ?, default)
Hibernate: 
    insert 
    into
        tickets
        (technician_id, client_id, created_at, description, due_at, service_type, status, id) 
    values
        (?, ?, ?, ?, ?, ?, ?, default)
2025-06-23T23:03:43.263-02:30 DEBUG 44673 --- [tech-support-server] [           main] org.hibernate.SQL                        : 
    insert 
    into
        clients
        (address, created_at, email, first_name, last_name, notes, phone, status, updated_at, id) 
    values
        (?, ?, ?, ?, ?, ?, ?, ?, ?, default)
Hibernate: 
    insert 
    into
        clients
        (address, created_at, email, first_name, last_name, notes, phone, status, updated_at, id) 
    values
        (?, ?, ?, ?, ?, ?, ?, ?, ?, default)
2025-06-23T23:03:43.264-02:30 DEBUG 44673 --- [tech-support-server] [           main] org.hibernate.SQL                        : 
    insert 
    into
        tickets
        (technician_id, client_id, created_at, description, due_at, service_type, status, id) 
    values
        (?, ?, ?, ?, ?, ?, ?, default)
Hibernate: 
    insert 
    into
        tickets
        (technician_id, client_id, created_at, description, due_at, service_type, status, id) 
    values
        (?, ?, ?, ?, ?, ?, ?, default)
2025-06-23T23:03:43.264-02:30 DEBUG 44673 --- [tech-support-server] [           main] org.hibernate.SQL                        : 
    insert 
    into
        clients
        (address, created_at, email, first_name, last_name, notes, phone, status, updated_at, id) 
    values
        (?, ?, ?, ?, ?, ?, ?, ?, ?, default)
Hibernate: 
    insert 
    into
        clients
        (address, created_at, email, first_name, last_name, notes, phone, status, updated_at, id) 
    values
        (?, ?, ?, ?, ?, ?, ?, ?, ?, default)
2025-06-23T23:03:43.264-02:30 DEBUG 44673 --- [tech-support-server] [           main] org.hibernate.SQL                        : 
    insert 
    into
        tickets
        (technician_id, client_id, created_at, description, due_at, service_type, status, id) 
    values
        (?, ?, ?, ?, ?, ?, ?, default)
Hibernate: 
    insert 
    into
        tickets
        (technician_id, client_id, created_at, description, due_at, service_type, status, id) 
    values
        (?, ?, ?, ?, ?, ?, ?, default)
2025-06-23T23:03:43.265-02:30 DEBUG 44673 --- [tech-support-server] [           main] org.hibernate.SQL                        : 
    insert 
    into
        clients
        (address, created_at, email, first_name, last_name, notes, phone, status, updated_at, id) 
    values
        (?, ?, ?, ?, ?, ?, ?, ?, ?, default)
Hibernate: 
    insert 
    into
        clients
        (address, created_at, email, first_name, last_name, notes, phone, status, updated_at, id) 
    values
        (?, ?, ?, ?, ?, ?, ?, ?, ?, default)
2025-06-23T23:03:43.265-02:30 DEBUG 44673 --- [tech-support-server] [           main] org.hibernate.SQL                        : 
    insert 
    into
        tickets
        (technician_id, client_id, created_at, description, due_at, service_type, status, id) 
    values
        (?, ?, ?, ?, ?, ?, ?, default)
Hibernate: 
    insert 
    into
        tickets
        (technician_id, client_id, created_at, description, due_at, service_type, status, id) 
    values
        (?, ?, ?, ?, ?, ?, ?, default)
2025-06-23T23:03:43.265-02:30 DEBUG 44673 --- [tech-support-server] [           main] org.hibernate.SQL                        : 
    insert 
    into
        clients
        (address, created_at, email, first_name, last_name, notes, phone, status, updated_at, id) 
    values
        (?, ?, ?, ?, ?, ?, ?, ?, ?, default)
Hibernate: 
    insert 
    into
        clients
        (address, created_at, email, first_name, last_name, notes, phone, status, updated_at, id) 
    values
        (?, ?, ?, ?, ?, ?, ?, ?, ?, default)
2025-06-23T23:03:43.266-02:30 DEBUG 44673 --- [tech-support-server] [           main] org.hibernate.SQL                        : 
    insert 
    into
        tickets
        (technician_id, client_id, created_at, description, due_at, service_type, status, id) 
    values
        (?, ?, ?, ?, ?, ?, ?, default)
Hibernate: 
    insert 
    into
        tickets
        (technician_id, client_id, created_at, description, due_at, service_type, status, id) 
    values
        (?, ?, ?, ?, ?, ?, ?, default)
2025-06-23T23:03:43.267-02:30 DEBUG 44673 --- [tech-support-server] [           main] org.hibernate.SQL                        : 
    select
        t1_0.id,
        t1_0.technician_id,
        t1_0.client_id,
        t1_0.created_at,
        t1_0.description,
        t1_0.due_at,
        t1_0.service_type,
        t1_0.status 
    from
        tickets t1_0 
    where
        t1_0.status=? 
    offset
        ? rows 
    fetch
        first ? rows only
Hibernate: 
    select
        t1_0.id,
        t1_0.technician_id,
        t1_0.client_id,
        t1_0.created_at,
        t1_0.description,
        t1_0.due_at,
        t1_0.service_type,
        t1_0.status 
    from
        tickets t1_0 
    where
        t1_0.status=? 
    offset
        ? rows 
    fetch
        first ? rows only
]]></system-out>
  </testcase>
</testsuite>